000.000 =============================================================
000.000                     Station A                               
000.000 -------------------------------------------------------------
000.000 Protocol.lib, version 4.0, jiangyanjun0718@bupt.edu.cn
000.000 Channel: 8000 bps, 270 ms propagation delay, bit error rate 1.0E-04
000.000 Log file "datalink-A.log", TCP port 59144, debug mask 0x00
000.000 Station A is waiting for station B on TCP port 59144 ... Done.
000.999 New epoch: Sat May 16 11:05:18 2026
000.999 =================================================================
000.999 
000.999 Designed by Jiang Yanjun, build: May 16 2026  01:15:59
004.340 .... 2 packets received, 1344 bps, 16.80%, Err 3 (2.0e-04)
006.465 .... 10 packets received, 3959 bps, 49.49%, Err 3 (1.0e-04)
012.901 .... 12 packets received, 2117 bps, 26.46%, Err 5 (9.3e-05)
017.000 .... 15 packets received, 1956 bps, 24.45%, Err 6 (8.7e-05)
020.523 .... 17 packets received, 1810 bps, 22.63%, Err 8 (9.8e-05)
026.984 .... 22 packets received, 1754 bps, 21.92%, Err 10 (9.1e-05)
030.500 .... 24 packets received, 1683 bps, 21.04%, Err 12 (9.8e-05)
034.385 .... 29 packets received, 1795 bps, 22.43%, Err 13 (9.2e-05)
037.968 .... 31 packets received, 1731 bps, 21.64%, Err 14 (9.0e-05)
042.053 .... 35 packets received, 1759 bps, 21.98%, Err 17 (9.9e-05)
045.082 .... 36 packets received, 1684 bps, 21.05%, Err 17 (9.3e-05)
048.655 .... 40 packets received, 1730 bps, 21.62%, Err 21 (1.1e-04)
053.400 .... 46 packets received, 1808 bps, 22.60%, Err 22 (1.0e-04)
056.893 .... 48 packets received, 1768 bps, 22.10%, Err 27 (1.2e-04)
060.477 .... 52 packets received, 1799 bps, 22.49%, Err 29 (1.2e-04)
064.056 .... 56 packets received, 1827 bps, 22.84%, Err 31 (1.2e-04)
067.664 .... 60 packets received, 1851 bps, 23.14%, Err 32 (1.1e-04)
071.501 .... 65 packets received, 1896 bps, 23.70%, Err 33 (1.1e-04)
073.614 .... 72 packets received, 2039 bps, 25.49%, Err 33 (1.0e-04)
077.880 .... 77 packets received, 2059 bps, 25.74%, Err 36 (1.1e-04)
080.952 .... 78 packets received, 2005 bps, 25.07%, Err 36 (1.0e-04)
084.511 .... 80 packets received, 1969 bps, 24.61%, Err 37 (1.0e-04)
087.241 .... 88 packets received, 2097 bps, 26.21%, Err 38 (1.0e-04)
090.046 .... 89 packets received, 2054 bps, 25.67%, Err 38 (9.8e-05)
092.502 .... 97 packets received, 2178 bps, 27.23%, Err 39 (9.6e-05)
094.729 .... 103 packets received, 2258 bps, 28.22%, Err 40 (9.5e-05)
098.325 .... 107 packets received, 2258 bps, 28.23%, Err 45 (1.0e-04)
103.783 .... 108 packets received, 2158 bps, 26.98%, Err 46 (1.0e-04)
107.379 .... 110 packets received, 2124 bps, 26.54%, Err 51 (1.1e-04)
109.556 .... 116 packets received, 2194 bps, 27.43%, Err 52 (1.1e-04)
111.684 .... 124 packets received, 2300 bps, 28.76%, Err 52 (1.0e-04)
113.698 .... 129 packets received, 2350 bps, 29.38%, Err 52 (1.0e-04)
116.145 .... 137 packets received, 2443 bps, 30.54%, Err 52 (9.9e-05)
122.781 .... 141 packets received, 2377 bps, 29.71%, Err 56 (1.0e-04)
125.529 .... 142 packets received, 2341 bps, 29.26%, Err 56 (9.9e-05)
129.976 .... 149 packets received, 2371 bps, 29.64%, Err 59 (1.0e-04)
133.535 .... 151 packets received, 2338 bps, 29.23%, Err 61 (1.0e-04)
137.640 .... 155 packets received, 2328 bps, 29.10%, Err 62 (1.0e-04)
141.259 .... 159 packets received, 2326 bps, 29.08%, Err 64 (1.0e-04)
143.406 .... 165 packets received, 2378 bps, 29.72%, Err 65 (1.0e-04)
146.793 .... 168 packets received, 2365 bps, 29.56%, Err 68 (1.0e-04)
151.428 .... 174 packets received, 2374 bps, 29.67%, Err 69 (1.0e-04)
155.311 .... 179 packets received, 2380 bps, 29.75%, Err 72 (1.0e-04)
157.391 .... 187 packets received, 2453 bps, 30.67%, Err 72 (1.0e-04)
160.438 .... 189 packets received, 2432 bps, 30.40%, Err 74 (1.0e-04)
164.080 .... 192 packets received, 2416 bps, 30.19%, Err 75 (1.0e-04)
167.910 .... 197 packets received, 2421 bps, 30.27%, Err 76 (9.9e-05)
174.483 .... 201 packets received, 2377 bps, 29.71%, Err 80 (1.0e-04)
179.166 .... 207 packets received, 2383 bps, 29.79%, Err 81 (9.9e-05)
183.198 .... 210 packets received, 2364 bps, 29.55%, Err 82 (9.9e-05)
187.606 .... 217 packets received, 2385 bps, 29.82%, Err 87 (1.0e-04)
190.627 .... 218 packets received, 2358 bps, 29.48%, Err 87 (1.0e-04)
194.522 .... 223 packets received, 2364 bps, 29.54%, Err 89 (1.0e-04)
198.298 .... 228 packets received, 2370 bps, 29.63%, Err 90 (1.0e-04)
201.878 .... 230 packets received, 2348 bps, 29.35%, Err 92 (1.0e-04)
206.003 .... 236 packets received, 2361 bps, 29.51%, Err 93 (9.9e-05)
212.617 .... 240 packets received, 2326 bps, 29.07%, Err 97 (1.0e-04)
215.597 .... 241 packets received, 2303 bps, 28.79%, Err 97 (1.0e-04)
219.776 .... 247 packets received, 2315 bps, 28.94%, Err 100 (1.0e-04)
221.872 .... 255 packets received, 2368 bps, 29.59%, Err 101 (1.0e-04)
224.684 .... 256 packets received, 2347 bps, 29.34%, Err 101 (9.9e-05)
228.274 .... 260 packets received, 2346 bps, 29.32%, Err 104 (1.0e-04)
230.423 .... 268 packets received, 2395 bps, 29.94%, Err 106 (1.0e-04)
233.197 .... 269 packets received, 2376 bps, 29.69%, Err 106 (9.9e-05)
237.074 .... 274 packets received, 2380 bps, 29.75%, Err 109 (1.0e-04)
240.908 .... 279 packets received, 2385 bps, 29.81%, Err 110 (9.9e-05)
245.800 .... 285 packets received, 2387 bps, 29.84%, Err 111 (9.8e-05)
248.039 .... 293 packets received, 2432 bps, 30.40%, Err 111 (9.7e-05)
251.097 .... 295 packets received, 2419 bps, 30.23%, Err 113 (9.8e-05)
254.630 .... 297 packets received, 2401 bps, 30.01%, Err 114 (9.7e-05)
257.488 .... 305 packets received, 2438 bps, 30.48%, Err 115 (9.7e-05)
268.817 .... 310 packets received, 2373 bps, 29.66%, Err 123 (1.0e-04)
270.905 .... 318 packets received, 2416 bps, 30.19%, Err 123 (9.9e-05)
275.414 .... 323 packets received, 2413 bps, 30.16%, Err 124 (9.8e-05)
278.952 .... 325 packets received, 2397 bps, 29.96%, Err 126 (9.8e-05)
282.554 .... 327 packets received, 2381 bps, 29.76%, Err 129 (1.0e-04)
286.115 .... 329 packets received, 2366 bps, 29.57%, Err 131 (1.0e-04)
290.502 .... 336 packets received, 2379 bps, 29.74%, Err 134 (1.0e-04)
294.087 .... 340 packets received, 2378 bps, 29.73%, Err 136 (1.0e-04)
298.526 .... 347 packets received, 2391 bps, 29.89%, Err 139 (1.0e-04)
301.561 .... 348 packets received, 2374 bps, 29.67%, Err 139 (1.0e-04)
305.103 .... 350 packets received, 2359 bps, 29.49%, Err 141 (1.0e-04)
308.627 .... 352 packets received, 2346 bps, 29.32%, Err 142 (1.0e-04)
314.727 .... 355 packets received, 2320 bps, 28.99%, Err 149 (1.0e-04)
317.779 .... 356 packets received, 2304 bps, 28.80%, Err 152 (1.1e-04)
321.570 .... 359 packets received, 2296 bps, 28.70%, Err 155 (1.1e-04)
324.060 .... 365 packets received, 2316 bps, 28.95%, Err 155 (1.1e-04)
326.578 .... 372 packets received, 2342 bps, 29.28%, Err 157 (1.1e-04)
329.301 .... 373 packets received, 2329 bps, 29.11%, Err 159 (1.1e-04)
335.344 .... 377 packets received, 2311 bps, 28.89%, Err 163 (1.1e-04)
337.489 .... 385 packets received, 2345 bps, 29.32%, Err 163 (1.1e-04)
340.574 .... 387 packets received, 2336 bps, 29.20%, Err 166 (1.1e-04)
342.776 .... 393 packets received, 2357 bps, 29.46%, Err 166 (1.1e-04)
345.807 .... 395 packets received, 2348 bps, 29.35%, Err 167 (1.1e-04)
349.408 .... 399 packets received, 2347 bps, 29.34%, Err 169 (1.1e-04)
352.468 .... 400 packets received, 2333 bps, 29.16%, Err 170 (1.1e-04)
355.489 .... 401 packets received, 2319 bps, 28.98%, Err 170 (1.1e-04)
357.943 .... 408 packets received, 2343 bps, 29.29%, Err 170 (1.0e-04)
361.641 .... 411 packets received, 2336 bps, 29.20%, Err 173 (1.1e-04)
364.567 .... 412 packets received, 2323 bps, 29.03%, Err 173 (1.0e-04)
366.706 .... 420 packets received, 2354 bps, 29.42%, Err 174 (1.0e-04)
369.521 .... 421 packets received, 2341 bps, 29.27%, Err 174 (1.0e-04)
371.616 .... 429 packets received, 2372 bps, 29.66%, Err 174 (1.0e-04)
374.982 .... 430 packets received, 2357 bps, 29.46%, Err 176 (1.0e-04)
377.983 .... 431 packets received, 2343 bps, 29.29%, Err 176 (1.0e-04)
382.108 .... 434 packets received, 2334 bps, 29.18%, Err 179 (1.0e-04)
384.232 .... 441 packets received, 2359 bps, 29.48%, Err 179 (1.0e-04)
386.427 .... 449 packets received, 2388 bps, 29.85%, Err 179 (1.0e-04)
390.740 .... 453 packets received, 2382 bps, 29.78%, Err 182 (1.0e-04)
393.511 .... 454 packets received, 2371 bps, 29.63%, Err 183 (1.0e-04)
399.881 .... 459 packets received, 2358 bps, 29.48%, Err 186 (1.0e-04)
402.085 .... 467 packets received, 2386 bps, 29.83%, Err 186 (1.0e-04)
404.157 .... 472 packets received, 2399 bps, 29.99%, Err 186 (1.0e-04)
406.660 .... 478 packets received, 2415 bps, 30.19%, Err 186 (1.0e-04)
409.690 .... 480 packets received, 2407 bps, 30.09%, Err 189 (1.0e-04)
416.896 .... 488 packets received, 2405 bps, 30.06%, Err 191 (1.0e-04)
420.467 .... 490 packets received, 2394 bps, 29.93%, Err 192 (1.0e-04)
423.967 .... 492 packets received, 2384 bps, 29.80%, Err 194 (1.0e-04)
428.185 .... 498 packets received, 2389 bps, 29.86%, Err 195 (9.9e-05)
432.262 .... 504 packets received, 2395 bps, 29.94%, Err 196 (9.9e-05)
436.741 .... 509 packets received, 2394 bps, 29.92%, Err 198 (9.9e-05)
440.330 .... 512 packets received, 2388 bps, 29.85%, Err 199 (9.9e-05)
443.883 .... 514 packets received, 2378 bps, 29.73%, Err 204 (1.0e-04)
448.602 .... 520 packets received, 2381 bps, 29.76%, Err 205 (1.0e-04)
451.116 .... 527 packets received, 2399 bps, 29.99%, Err 205 (9.9e-05)
454.453 .... 530 packets received, 2395 bps, 29.94%, Err 206 (9.9e-05)
458.034 .... 533 packets received, 2390 bps, 29.87%, Err 211 (1.0e-04)
461.073 .... 534 packets received, 2379 bps, 29.73%, Err 213 (1.0e-04)
464.060 .... 535 packets received, 2368 bps, 29.60%, Err 214 (1.0e-04)
466.234 .... 543 packets received, 2392 bps, 29.90%, Err 214 (1.0e-04)
476.773 .... 545 packets received, 2347 bps, 29.34%, Err 221 (1.0e-04)
480.863 .... 548 packets received, 2340 bps, 29.25%, Err 222 (1.0e-04)
482.979 .... 554 packets received, 2355 bps, 29.44%, Err 222 (1.0e-04)
486.925 .... 559 packets received, 2357 bps, 29.47%, Err 225 (1.0e-04)
489.192 .... 565 packets received, 2372 bps, 29.65%, Err 225 (1.0e-04)
493.323 .... 571 packets received, 2377 bps, 29.71%, Err 226 (1.0e-04)
495.472 .... 579 packets received, 2400 bps, 29.99%, Err 226 (1.0e-04)
497.637 .... 584 packets received, 2410 bps, 30.12%, Err 226 (9.9e-05)
500.431 .... 590 packets received, 2421 bps, 30.26%, Err 226 (9.9e-05)
502.537 .... 593 packets received, 2423 bps, 30.29%, Err 226 (9.8e-05)
506.545 .... 598 packets received, 2424 bps, 30.30%, Err 228 (9.8e-05)
510.186 .... 601 packets received, 2419 bps, 30.23%, Err 230 (9.8e-05)
516.214 .... 604 packets received, 2402 bps, 30.03%, Err 234 (9.9e-05)
522.268 .... 606 packets received, 2382 bps, 29.78%, Err 240 (1.0e-04)
525.272 .... 607 packets received, 2372 bps, 29.66%, Err 241 (1.0e-04)
531.341 .... 610 packets received, 2357 bps, 29.46%, Err 244 (1.0e-04)
533.465 .... 617 packets received, 2374 bps, 29.68%, Err 244 (1.0e-04)
536.509 .... 619 packets received, 2369 bps, 29.61%, Err 248 (1.0e-04)
540.623 .... 625 packets received, 2373 bps, 29.67%, Err 251 (1.0e-04)
544.151 .... 627 packets received, 2365 bps, 29.57%, Err 253 (1.0e-04)
546.156 .... 633 packets received, 2379 bps, 29.74%, Err 253 (1.0e-04)
549.465 .... 636 packets received, 2376 bps, 29.70%, Err 255 (1.0e-04)
554.212 .... 644 packets received, 2385 bps, 29.82%, Err 257 (1.0e-04)
556.843 .... 652 packets received, 2404 bps, 30.04%, Err 257 (1.0e-04)
561.530 .... 660 packets received, 2413 bps, 30.16%, Err 258 (1.0e-04)
565.706 .... 666 packets received, 2417 bps, 30.21%, Err 260 (1.0e-04)
569.229 .... 668 packets received, 2409 bps, 30.11%, Err 262 (1.0e-04)
572.003 .... 676 packets received, 2426 bps, 30.32%, Err 262 (9.9e-05)
575.650 .... 680 packets received, 2425 bps, 30.31%, Err 263 (9.9e-05)
579.197 .... 682 packets received, 2417 bps, 30.21%, Err 264 (9.9e-05)
582.782 .... 685 packets received, 2413 bps, 30.16%, Err 266 (9.9e-05)
585.805 .... 686 packets received, 2404 bps, 30.04%, Err 266 (9.9e-05)
589.354 .... 688 packets received, 2396 bps, 29.95%, Err 270 (1.0e-04)
592.367 .... 689 packets received, 2387 bps, 29.84%, Err 270 (1.0e-04)
595.926 .... 693 packets received, 2387 bps, 29.83%, Err 272 (1.0e-04)
600.196 .... 697 packets received, 2383 bps, 29.79%, Err 274 (1.0e-04)
603.726 .... 699 packets received, 2376 bps, 29.70%, Err 276 (1.0e-04)
607.849 .... 705 packets received, 2380 bps, 29.75%, Err 278 (1.0e-04)
615.790 .... 706 packets received, 2353 bps, 29.41%, Err 281 (1.0e-04)
617.976 .... 714 packets received, 2371 bps, 29.64%, Err 283 (1.0e-04)
620.710 .... 715 packets received, 2364 bps, 29.55%, Err 284 (1.0e-04)
624.292 .... 718 packets received, 2360 bps, 29.50%, Err 288 (1.0e-04)
628.180 .... 723 packets received, 2362 bps, 29.52%, Err 289 (1.0e-04)
630.316 .... 731 packets received, 2380 bps, 29.75%, Err 290 (1.0e-04)
633.142 .... 732 packets received, 2373 bps, 29.66%, Err 290 (1.0e-04)
636.624 .... 734 packets received, 2366 bps, 29.58%, Err 292 (1.0e-04)
639.449 .... 740 packets received, 2375 bps, 29.69%, Err 292 (1.0e-04)
641.896 .... 745 packets received, 2382 bps, 29.77%, Err 292 (1.0e-04)
646.871 .... 751 packets received, 2382 bps, 29.78%, Err 294 (9.9e-05)
649.026 .... 759 packets received, 2400 bps, 30.00%, Err 294 (9.9e-05)
652.933 .... 761 packets received, 2392 bps, 29.90%, Err 297 (9.9e-05)
656.447 .... 763 packets received, 2385 bps, 29.81%, Err 298 (9.9e-05)
658.828 .... 770 packets received, 2398 bps, 29.98%, Err 299 (9.9e-05)
661.644 .... 771 packets received, 2391 bps, 29.89%, Err 304 (1.0e-04)
664.723 .... 772 packets received, 2383 bps, 29.79%, Err 305 (1.0e-04)
675.722 .... 774 packets received, 2350 bps, 29.38%, Err 313 (1.0e-04)
678.740 .... 775 packets received, 2343 bps, 29.29%, Err 314 (1.0e-04)
682.324 .... 779 packets received, 2343 bps, 29.28%, Err 317 (1.0e-04)
685.920 .... 782 packets received, 2339 bps, 29.24%, Err 318 (1.0e-04)
693.351 .... 788 packets received, 2332 bps, 29.15%, Err 320 (1.0e-04)
697.418 .... 793 packets received, 2333 bps, 29.16%, Err 322 (1.0e-04)
700.970 .... 795 packets received, 2327 bps, 29.09%, Err 324 (1.0e-04)
703.172 .... 801 packets received, 2337 bps, 29.22%, Err 324 (1.0e-04)
706.561 .... 804 packets received, 2335 bps, 29.18%, Err 325 (1.0e-04)
710.112 .... 807 packets received, 2332 bps, 29.15%, Err 327 (1.0e-04)
713.973 .... 812 packets received, 2333 bps, 29.17%, Err 328 (1.0e-04)
717.530 .... 815 packets received, 2330 bps, 29.13%, Err 330 (1.0e-04)
720.595 .... 816 packets received, 2323 bps, 29.04%, Err 331 (1.0e-04)
722.677 .... 824 packets received, 2339 bps, 29.24%, Err 331 (1.0e-04)
726.977 .... 828 packets received, 2337 bps, 29.21%, Err 332 (1.0e-04)
730.561 .... 832 packets received, 2336 bps, 29.21%, Err 333 (1.0e-04)
732.967 .... 838 packets received, 2346 bps, 29.32%, Err 333 (1.0e-04)
735.993 .... 840 packets received, 2342 bps, 29.27%, Err 335 (1.0e-04)
741.543 .... 841 packets received, 2327 bps, 29.08%, Err 336 (1.0e-04)
744.811 .... 843 packets received, 2322 bps, 29.03%, Err 337 (1.0e-04)
748.173 .... 845 packets received, 2317 bps, 28.96%, Err 338 (1.0e-04)
752.178 .... 849 packets received, 2316 bps, 28.95%, Err 341 (1.0e-04)
755.204 .... 850 packets received, 2309 bps, 28.86%, Err 341 (1.0e-04)
759.558 .... 857 packets received, 2315 bps, 28.93%, Err 344 (1.0e-04)
763.480 .... 862 packets received, 2316 bps, 28.95%, Err 345 (1.0e-04)
767.050 .... 864 packets received, 2311 bps, 28.88%, Err 346 (1.0e-04)
770.575 .... 868 packets received, 2311 bps, 28.89%, Err 348 (1.0e-04)
776.097 .... 869 packets received, 2297 bps, 28.71%, Err 351 (1.0e-04)
778.245 .... 875 packets received, 2306 bps, 28.83%, Err 351 (1.0e-04)
781.823 .... 879 packets received, 2306 bps, 28.83%, Err 353 (1.0e-04)
784.074 .... 885 packets received, 2315 bps, 28.94%, Err 354 (1.0e-04)
786.313 .... 890 packets received, 2322 bps, 29.02%, Err 355 (1.0e-04)
789.081 .... 891 packets received, 2316 bps, 28.95%, Err 356 (1.0e-04)
792.383 .... 894 packets received, 2314 bps, 28.93%, Err 359 (1.0e-04)
795.391 .... 895 packets received, 2308 bps, 28.85%, Err 360 (1.0e-04)
798.433 .... 896 packets received, 2302 bps, 28.77%, Err 361 (1.0e-04)
800.951 .... 903 packets received, 2313 bps, 28.91%, Err 361 (1.0e-04)
804.278 .... 905 packets received, 2308 bps, 28.85%, Err 363 (1.0e-04)
807.799 .... 907 packets received, 2303 bps, 28.79%, Err 365 (1.0e-04)
813.820 .... 909 packets received, 2291 bps, 28.64%, Err 368 (1.0e-04)
819.918 .... 912 packets received, 2282 bps, 28.52%, Err 370 (1.0e-04)
822.093 .... 920 packets received, 2296 bps, 28.69%, Err 370 (1.0e-04)
825.365 .... 923 packets received, 2294 bps, 28.67%, Err 372 (1.0e-04)
828.457 .... 925 packets received, 2290 bps, 28.63%, Err 374 (1.0e-04)
831.202 .... 926 packets received, 2285 bps, 28.56%, Err 375 (1.0e-04)
835.573 .... 932 packets received, 2288 bps, 28.60%, Err 379 (1.0e-04)
839.464 .... 937 packets received, 2289 bps, 28.62%, Err 381 (1.0e-04)
843.029 .... 941 packets received, 2290 bps, 28.62%, Err 382 (1.0e-04)
845.821 .... 949 packets received, 2301 bps, 28.77%, Err 382 (1.0e-04)
847.930 .... 957 packets received, 2315 bps, 28.94%, Err 382 (9.9e-05)
853.471 .... 959 packets received, 2305 bps, 28.81%, Err 385 (1.0e-04)
857.599 .... 965 packets received, 2308 bps, 28.85%, Err 389 (1.0e-04)
860.607 .... 966 packets received, 2302 bps, 28.78%, Err 390 (1.0e-04)
866.115 .... 967 packets received, 2290 bps, 28.62%, Err 392 (1.0e-04)
870.004 .... 972 packets received, 2292 bps, 28.64%, Err 394 (1.0e-04)
874.094 .... 978 packets received, 2295 bps, 28.69%, Err 399 (1.0e-04)
879.579 .... 979 packets received, 2283 bps, 28.54%, Err 401 (1.0e-04)
884.943 .... 987 packets received, 2288 bps, 28.59%, Err 403 (1.0e-04)
889.587 .... 994 packets received, 2292 bps, 28.65%, Err 405 (1.0e-04)
892.299 .... 995 packets received, 2287 bps, 28.59%, Err 406 (1.0e-04)
896.759 .... 1002 packets received, 2292 bps, 28.65%, Err 408 (1.0e-04)
900.605 .... 1007 packets received, 2293 bps, 28.67%, Err 409 (1.0e-04)
902.780 .... 1015 packets received, 2306 bps, 28.82%, Err 409 (1.0e-04)
910.759 .... 1016 packets received, 2288 bps, 28.60%, Err 413 (1.0e-04)
915.483 .... 1024 packets received, 2294 bps, 28.67%, Err 415 (1.0e-04)
918.450 .... 1025 packets received, 2289 bps, 28.61%, Err 415 (1.0e-04)
924.497 .... 1027 packets received, 2278 bps, 28.48%, Err 418 (1.0e-04)
928.693 .... 1032 packets received, 2279 bps, 28.49%, Err 420 (1.0e-04)
931.705 .... 1033 packets received, 2274 bps, 28.42%, Err 421 (1.0e-04)
934.472 .... 1034 packets received, 2269 bps, 28.37%, Err 422 (1.0e-04)
937.783 .... 1035 packets received, 2263 bps, 28.29%, Err 423 (1.0e-04)
940.765 .... 1036 packets received, 2258 bps, 28.23%, Err 425 (1.0e-04)
943.836 .... 1037 packets received, 2253 bps, 28.17%, Err 428 (1.0e-04)
949.288 .... 1038 packets received, 2242 bps, 28.03%, Err 431 (1.0e-04)
951.727 .... 1046 packets received, 2254 bps, 28.17%, Err 431 (1.0e-04)
954.140 .... 1051 packets received, 2259 bps, 28.24%, Err 431 (1.0e-04)
957.410 .... 1053 packets received, 2256 bps, 28.19%, Err 433 (1.0e-04)
962.083 .... 1061 packets received, 2262 bps, 28.27%, Err 435 (1.0e-04)
965.071 .... 1062 packets received, 2257 bps, 28.21%, Err 435 (1.0e-04)
969.220 .... 1067 packets received, 2258 bps, 28.22%, Err 437 (1.0e-04)
972.799 .... 1069 packets received, 2254 bps, 28.17%, Err 440 (1.0e-04)
978.350 .... 1070 packets received, 2243 bps, 28.04%, Err 444 (1.0e-04)
980.464 .... 1078 packets received, 2255 bps, 28.18%, Err 444 (1.0e-04)
982.576 .... 1086 packets received, 2267 bps, 28.33%, Err 444 (1.0e-04)
986.878 .... 1090 packets received, 2265 bps, 28.31%, Err 447 (1.0e-04)
989.053 .... 1098 packets received, 2277 bps, 28.46%, Err 448 (1.0e-04)
992.150 .... 1100 packets received, 2274 bps, 28.42%, Err 451 (1.0e-04)
995.219 .... 1101 packets received, 2269 bps, 28.36%, Err 451 (1.0e-04)
998.736 .... 1105 packets received, 2269 bps, 28.36%, Err 452 (1.0e-04)
1002.927 .... 1111 packets received, 2272 bps, 28.40%, Err 454 (1.0e-04)
1005.935 .... 1112 packets received, 2267 bps, 28.34%, Err 454 (1.0e-04)
1009.513 .... 1116 packets received, 2267 bps, 28.34%, Err 457 (1.0e-04)
1013.635 .... 1122 packets received, 2270 bps, 28.37%, Err 459 (1.0e-04)
1017.245 .... 1126 packets received, 2270 bps, 28.37%, Err 460 (1.0e-04)
1020.117 .... 1134 packets received, 2280 bps, 28.49%, Err 460 (1.0e-04)
1022.438 .... 1142 packets received, 2290 bps, 28.63%, Err 461 (9.9e-05)
1025.419 .... 1144 packets received, 2288 bps, 28.60%, Err 463 (1.0e-04)
1032.015 .... 1150 packets received, 2285 bps, 28.56%, Err 469 (1.0e-04)
1035.025 .... 1151 packets received, 2280 bps, 28.50%, Err 469 (1.0e-04)
1038.804 .... 1155 packets received, 2280 bps, 28.50%, Err 470 (1.0e-04)
1042.448 .... 1159 packets received, 2280 bps, 28.50%, Err 473 (1.0e-04)
1047.060 .... 1167 packets received, 2285 bps, 28.57%, Err 474 (1.0e-04)
1050.693 .... 1170 packets received, 2283 bps, 28.54%, Err 477 (1.0e-04)
1053.235 .... 1175 packets received, 2288 bps, 28.59%, Err 477 (1.0e-04)
1057.668 .... 1180 packets received, 2288 bps, 28.60%, Err 480 (1.0e-04)
1058.679 ** WARNING: System too busy, sleep 15 ms, but be awakened 71 ms later
1059.847 .... 1187 packets received, 2297 bps, 28.71%, Err 480 (1.0e-04)
1061.955 .... 1193 packets received, 2304 bps, 28.79%, Err 480 (1.0e-04)
1062.129 ** WARNING: System too busy, sleep 15 ms, but be awakened 79 ms later
1065.127 ** WARNING: System too busy, sleep 15 ms, but be awakened 72 ms later
1067.689 .... 1196 packets received, 2297 bps, 28.71%, Err 482 (1.0e-04)
1071.265 .... 1199 packets received, 2295 bps, 28.69%, Err 486 (1.0e-04)
1073.326 .... 1204 packets received, 2300 bps, 28.75%, Err 487 (1.0e-04)
1076.123 .... 1205 packets received, 2296 bps, 28.70%, Err 491 (1.0e-04)
1078.896 .... 1206 packets received, 2292 bps, 28.65%, Err 491 (1.0e-04)
1079.799 ** WARNING: System too busy, sleep 15 ms, but be awakened 71 ms later
1081.148 ** WARNING: System too busy, sleep 15 ms, but be awakened 99 ms later
1082.991 .... 1211 packets received, 2293 bps, 28.66%, Err 492 (1.0e-04)
1084.972 ** WARNING: System too busy, sleep 15 ms, but be awakened 173 ms later
1086.534 .... 1214 packets received, 2291 bps, 28.64%, Err 494 (1.0e-04)
1087.194 ** WARNING: System too busy, sleep 15 ms, but be awakened 78 ms later
1089.409 ** WARNING: System too busy, sleep 15 ms, but be awakened 74 ms later
1091.795 ** WARNING: System too busy, sleep 15 ms, but be awakened 74 ms later
1092.110 .... 1216 packets received, 2283 bps, 28.54%, Err 498 (1.0e-04)
1094.061 ** WARNING: System too busy, sleep 15 ms, but be awakened 112 ms later
1095.804 .... 1218 packets received, 2279 bps, 28.49%, Err 500 (1.0e-04)
1096.996 ** WARNING: System too busy, sleep 15 ms, but be awakened 79 ms later
1098.287 .... 1223 packets received, 2283 bps, 28.54%, Err 500 (1.0e-04)
1100.565 .... 1229 packets received, 2290 bps, 28.62%, Err 500 (1.0e-04)
1102.788 .... 1237 packets received, 2300 bps, 28.75%, Err 501 (1.0e-04)
1104.817 ** WARNING: System too busy, sleep 15 ms, but be awakened 81 ms later
1105.560 .... 1238 packets received, 2296 bps, 28.70%, Err 503 (1.0e-04)
1110.119 .... 1243 packets received, 2296 bps, 28.70%, Err 504 (1.0e-04)
1110.861 ** WARNING: System too busy, sleep 15 ms, but be awakened 115 ms later
1113.232 ** WARNING: System too busy, sleep 15 ms, but be awakened 75 ms later
1114.781 .... 1248 packets received, 2295 bps, 28.69%, Err 505 (1.0e-04)
1117.013 .... 1254 packets received, 2302 bps, 28.77%, Err 505 (1.0e-04)
1119.155 .... 1261 packets received, 2310 bps, 28.88%, Err 506 (1.0e-04)
1123.122 .... 1264 packets received, 2308 bps, 28.84%, Err 509 (1.0e-04)
1124.913 ** WARNING: System too busy, sleep 15 ms, but be awakened 67 ms later
1125.142 .... 1269 packets received, 2313 bps, 28.91%, Err 510 (1.0e-04)
1127.826 .... 1270 packets received, 2309 bps, 28.86%, Err 510 (1.0e-04)
1131.433 .... 1273 packets received, 2307 bps, 28.84%, Err 514 (1.0e-04)
1132.956 ** WARNING: System too busy, sleep 15 ms, but be awakened 67 ms later
1134.419 .... 1274 packets received, 2303 bps, 28.78%, Err 514 (1.0e-04)
1138.014 .... 1278 packets received, 2303 bps, 28.78%, Err 515 (1.0e-04)
1139.104 ** WARNING: System too busy, sleep 15 ms, but be awakened 77 ms later
1140.245 .... 1282 packets received, 2305 bps, 28.82%, Err 516 (1.0e-04)
1141.747 ** WARNING: System too busy, sleep 15 ms, but be awakened 75 ms later
1143.092 ** WARNING: System too busy, sleep 15 ms, but be awakened 83 ms later
1143.364 .... 1284 packets received, 2303 bps, 28.78%, Err 518 (1.0e-04)
1146.245 ** WARNING: System too busy, sleep 15 ms, but be awakened 73 ms later
1148.763 .... 1285 packets received, 2293 bps, 28.67%, Err 521 (1.0e-04)
1152.315 .... 1287 packets received, 2290 bps, 28.62%, Err 524 (1.0e-04)
1154.417 .... 1295 packets received, 2300 bps, 28.75%, Err 524 (1.0e-04)
1156.494 .... 1300 packets received, 2305 bps, 28.81%, Err 525 (1.0e-04)
1159.511 .... 1302 packets received, 2302 bps, 28.78%, Err 527 (1.0e-04)
1161.643 .... 1309 packets received, 2310 bps, 28.88%, Err 528 (1.0e-04)
1163.855 .... 1315 packets received, 2317 bps, 28.96%, Err 528 (1.0e-04)
1170.255 .... 1320 packets received, 2313 bps, 28.91%, Err 530 (1.0e-04)
1172.096 ** WARNING: System too busy, sleep 15 ms, but be awakened 92 ms later
1174.309 .... 1323 packets received, 2310 bps, 28.87%, Err 532 (1.0e-04)
1176.397 ** WARNING: System too busy, sleep 15 ms, but be awakened 70 ms later
1177.367 .... 1324 packets received, 2306 bps, 28.82%, Err 533 (1.0e-04)
1179.406 .... 1331 packets received, 2314 bps, 28.92%, Err 534 (1.0e-04)
1179.710 ** WARNING: System too busy, sleep 15 ms, but be awakened 71 ms later
1181.400 ** WARNING: System too busy, sleep 15 ms, but be awakened 70 ms later
1182.273 .... 1332 packets received, 2310 bps, 28.87%, Err 534 (1.0e-04)
1185.478 .... 1336 packets received, 2311 bps, 28.88%, Err 535 (1.0e-04)
1186.963 ** WARNING: System too busy, sleep 15 ms, but be awakened 74 ms later
1189.105 .... 1339 packets received, 2309 bps, 28.86%, Err 537 (1.0e-04)
1190.900 ** WARNING: System too busy, sleep 15 ms, but be awakened 71 ms later
1193.007 ** WARNING: System too busy, sleep 15 ms, but be awakened 67 ms later
1193.881 .... 1344 packets received, 2308 bps, 28.85%, Err 540 (1.0e-04)
1195.193 ** WARNING: System too busy, sleep 15 ms, but be awakened 84 ms later
1196.368 .... 1348 packets received, 2310 bps, 28.88%, Err 541 (1.0e-04)
1197.221 ** WARNING: System too busy, sleep 15 ms, but be awakened 80 ms later
1198.699 .... 1353 packets received, 2314 bps, 28.93%, Err 541 (1.0e-04)
1201.004 .... 1361 packets received, 2323 bps, 29.04%, Err 541 (9.9e-05)
1211.793 .... 1363 packets received, 2306 bps, 28.83%, Err 548 (1.0e-04)
1214.781 .... 1364 packets received, 2302 bps, 28.78%, Err 549 (1.0e-04)
1219.756 .... 1371 packets received, 2304 bps, 28.80%, Err 553 (1.0e-04)
1223.324 .... 1375 packets received, 2304 bps, 28.80%, Err 556 (1.0e-04)
1225.698 ** WARNING: System too busy, sleep 15 ms, but be awakened 153 ms later
1226.883 .... 1379 packets received, 2304 bps, 28.80%, Err 557 (1.0e-04)
1230.752 .... 1384 packets received, 2305 bps, 28.82%, Err 558 (1.0e-04)
1234.604 .... 1387 packets received, 2303 bps, 28.79%, Err 559 (1.0e-04)
1238.120 .... 1389 packets received, 2300 bps, 28.75%, Err 561 (1.0e-04)
1240.571 .... 1394 packets received, 2304 bps, 28.80%, Err 562 (1.0e-04)
1244.267 .... 1397 packets received, 2302 bps, 28.77%, Err 564 (1.0e-04)
1246.643 .... 1403 packets received, 2307 bps, 28.84%, Err 565 (1.0e-04)
1249.454 .... 1404 packets received, 2304 bps, 28.80%, Err 565 (1.0e-04)
1251.618 .... 1412 packets received, 2313 bps, 28.91%, Err 568 (1.0e-04)
1254.426 .... 1413 packets received, 2309 bps, 28.87%, Err 569 (1.0e-04)
1256.539 .... 1418 packets received, 2314 bps, 28.92%, Err 569 (1.0e-04)
1259.581 .... 1419 packets received, 2310 bps, 28.87%, Err 572 (1.0e-04)
1262.602 .... 1420 packets received, 2306 bps, 28.82%, Err 573 (1.0e-04)
1264.717 .... 1428 packets received, 2315 bps, 28.93%, Err 574 (1.0e-04)
1266.751 .... 1433 packets received, 2319 bps, 28.99%, Err 575 (1.0e-04)
1269.514 .... 1434 packets received, 2316 bps, 28.95%, Err 576 (1.0e-04)
1271.614 .... 1439 packets received, 2320 bps, 29.00%, Err 577 (1.0e-04)
1272.108 ** WARNING: System too busy, sleep 15 ms, but be awakened 100 ms later
1274.380 .... 1440 packets received, 2317 bps, 28.96%, Err 578 (1.0e-04)
1277.669 .... 1441 packets received, 2312 bps, 28.90%, Err 579 (1.0e-04)
1279.184 ** WARNING: System too busy, sleep 15 ms, but be awakened 78 ms later
1279.805 .... 1448 packets received, 2319 bps, 28.99%, Err 580 (1.0e-04)
1281.830 .... 1453 packets received, 2324 bps, 29.05%, Err 581 (1.0e-04)
1287.659 .... 1456 packets received, 2318 bps, 28.98%, Err 587 (1.0e-04)
1290.663 .... 1457 packets received, 2314 bps, 28.93%, Err 589 (1.0e-04)
1294.253 .... 1460 packets received, 2313 bps, 28.91%, Err 590 (1.0e-04)
1298.698 .... 1465 packets received, 2313 bps, 28.91%, Err 592 (1.0e-04)
1300.767 .... 1473 packets received, 2321 bps, 29.02%, Err 592 (1.0e-04)
1303.018 .... 1479 packets received, 2327 bps, 29.09%, Err 592 (1.0e-04)
1305.213 .... 1487 packets received, 2336 bps, 29.19%, Err 592 (1.0e-04)
1307.432 .... 1493 packets received, 2341 bps, 29.26%, Err 592 (1.0e-04)
1310.542 .... 1495 packets received, 2339 bps, 29.23%, Err 593 (1.0e-04)
1319.056 .... 1498 packets received, 2328 bps, 29.10%, Err 600 (1.0e-04)
1322.021 .... 1499 packets received, 2324 bps, 29.06%, Err 601 (1.0e-04)
1325.909 .... 1504 packets received, 2325 bps, 29.07%, Err 602 (1.0e-04)
1332.759 .... 1511 packets received, 2324 bps, 29.05%, Err 605 (1.0e-04)
1335.173 .... 1517 packets received, 2329 bps, 29.11%, Err 605 (1.0e-04)
1338.774 .... 1521 packets received, 2329 bps, 29.11%, Err 606 (1.0e-04)
1342.352 .... 1524 packets received, 2327 bps, 29.09%, Err 609 (1.0e-04)
1347.879 .... 1525 packets received, 2319 bps, 28.99%, Err 611 (1.0e-04)
1356.384 .... 1527 packets received, 2308 bps, 28.85%, Err 618 (1.0e-04)
1359.918 .... 1529 packets received, 2305 bps, 28.81%, Err 621 (1.0e-04)
1362.130 .... 1535 packets received, 2310 bps, 28.88%, Err 621 (1.0e-04)
1367.953 .... 1538 packets received, 2305 bps, 28.81%, Err 624 (1.0e-04)
1370.180 .... 1544 packets received, 2310 bps, 28.87%, Err 624 (1.0e-04)
1373.293 .... 1546 packets received, 2308 bps, 28.85%, Err 628 (1.0e-04)
1376.293 .... 1547 packets received, 2304 bps, 28.80%, Err 628 (1.0e-04)
1379.879 .... 1551 packets received, 2304 bps, 28.80%, Err 629 (1.0e-04)
1383.429 .... 1553 packets received, 2301 bps, 28.76%, Err 633 (1.0e-04)
1386.449 .... 1554 packets received, 2298 bps, 28.72%, Err 633 (1.0e-04)
1391.096 .... 1562 packets received, 2302 bps, 28.77%, Err 634 (1.0e-04)
1393.193 .... 1569 packets received, 2309 bps, 28.86%, Err 634 (1.0e-04)
1397.675 .... 1574 packets received, 2309 bps, 28.86%, Err 635 (1.0e-04)
1399.780 .... 1582 packets received, 2317 bps, 28.96%, Err 635 (1.0e-04)
1403.116 .... 1585 packets received, 2316 bps, 28.95%, Err 635 (1.0e-04)
1408.931 .... 1588 packets received, 2310 bps, 28.88%, Err 639 (1.0e-04)
1412.561 .... 1592 packets received, 2310 bps, 28.88%, Err 642 (1.0e-04)
1414.771 .... 1598 packets received, 2315 bps, 28.94%, Err 643 (1.0e-04)
1417.795 .... 1600 packets received, 2313 bps, 28.92%, Err 643 (1.0e-04)
1422.173 .... 1607 packets received, 2316 bps, 28.95%, Err 648 (1.0e-04)
1425.197 .... 1608 packets received, 2313 bps, 28.91%, Err 648 (1.0e-04)
1428.788 .... 1611 packets received, 2311 bps, 28.89%, Err 649 (1.0e-04)
1434.830 .... 1613 packets received, 2304 bps, 28.80%, Err 651 (1.0e-04)
1438.917 .... 1616 packets received, 2302 bps, 28.78%, Err 654 (1.0e-04)
1441.022 .... 1623 packets received, 2309 bps, 28.86%, Err 654 (1.0e-04)
1444.954 .... 1628 packets received, 2310 bps, 28.87%, Err 658 (1.0e-04)
1447.980 .... 1629 packets received, 2306 bps, 28.83%, Err 658 (1.0e-04)
1451.859 .... 1634 packets received, 2307 bps, 28.84%, Err 659 (1.0e-04)
1456.554 .... 1640 packets received, 2308 bps, 28.85%, Err 662 (1.0e-04)
1458.771 .... 1648 packets received, 2316 bps, 28.95%, Err 663 (1.0e-04)
1464.618 .... 1651 packets received, 2311 bps, 28.88%, Err 666 (1.0e-04)
1468.992 .... 1658 packets received, 2314 bps, 28.92%, Err 667 (1.0e-04)
1471.176 .... 1666 packets received, 2321 bps, 29.02%, Err 669 (1.0e-04)
1473.940 .... 1667 packets received, 2318 bps, 28.98%, Err 669 (1.0e-04)
1477.762 .... 1672 packets received, 2319 bps, 28.99%, Err 670 (1.0e-04)
1482.154 .... 1679 packets received, 2322 bps, 29.03%, Err 672 (1.0e-04)
1485.751 .... 1683 packets received, 2322 bps, 29.02%, Err 675 (1.0e-04)
1488.750 .... 1684 packets received, 2319 bps, 28.98%, Err 675 (1.0e-04)
1492.642 .... 1689 packets received, 2319 bps, 28.99%, Err 678 (1.0e-04)
1494.710 .... 1697 packets received, 2327 bps, 29.09%, Err 678 (1.0e-04)
1496.966 .... 1703 packets received, 2332 bps, 29.15%, Err 680 (1.0e-04)
1502.351 .... 1704 packets received, 2325 bps, 29.06%, Err 682 (1.0e-04)
1506.583 .... 1711 packets received, 2328 bps, 29.10%, Err 686 (1.0e-04)
1512.674 .... 1713 packets received, 2321 bps, 29.02%, Err 689 (1.0e-04)
1514.725 .... 1720 packets received, 2328 bps, 29.09%, Err 689 (1.0e-04)
1516.790 .... 1725 packets received, 2331 bps, 29.14%, Err 689 (1.0e-04)
1519.863 .... 1727 packets received, 2329 bps, 29.11%, Err 694 (1.0e-04)
1521.977 .... 1733 packets received, 2334 bps, 29.17%, Err 694 (1.0e-04)
1524.127 .... 1741 packets received, 2341 bps, 29.27%, Err 694 (1.0e-04)
1527.207 .... 1743 packets received, 2339 bps, 29.24%, Err 696 (1.0e-04)
1530.183 .... 1744 packets received, 2336 bps, 29.20%, Err 697 (1.0e-04)
1533.175 .... 1745 packets received, 2333 bps, 29.16%, Err 698 (1.0e-04)
1538.721 .... 1746 packets received, 2326 bps, 29.07%, Err 700 (1.0e-04)
1542.605 .... 1751 packets received, 2327 bps, 29.08%, Err 702 (1.0e-04)
1546.127 .... 1755 packets received, 2327 bps, 29.08%, Err 703 (1.0e-04)
1550.205 .... 1760 packets received, 2327 bps, 29.09%, Err 708 (1.0e-04)
1553.001 .... 1761 packets received, 2324 bps, 29.05%, Err 709 (1.0e-04)
1556.279 .... 1762 packets received, 2321 bps, 29.01%, Err 709 (1.0e-04)
1558.516 .... 1770 packets received, 2328 bps, 29.10%, Err 710 (1.0e-04)
1561.281 .... 1771 packets received, 2325 bps, 29.06%, Err 710 (1.0e-04)
1564.969 .... 1774 packets received, 2323 bps, 29.04%, Err 712 (1.0e-04)
1568.999 .... 1780 packets received, 2325 bps, 29.07%, Err 713 (1.0e-04)
1572.530 .... 1782 packets received, 2323 bps, 29.03%, Err 716 (1.0e-04)
1576.136 .... 1785 packets received, 2321 bps, 29.02%, Err 718 (1.0e-04)
1580.220 .... 1791 packets received, 2323 bps, 29.04%, Err 719 (1.0e-04)
1584.721 .... 1796 packets received, 2323 bps, 29.04%, Err 722 (1.0e-04)
1588.266 .... 1799 packets received, 2322 bps, 29.02%, Err 723 (1.0e-04)
1591.871 .... 1802 packets received, 2320 bps, 29.00%, Err 724 (1.0e-04)
1595.467 .... 1806 packets received, 2320 bps, 29.00%, Err 726 (1.0e-04)
1599.019 .... 1810 packets received, 2320 bps, 29.00%, Err 729 (1.0e-04)
1602.551 .... 1813 packets received, 2319 bps, 28.99%, Err 730 (1.0e-04)
1604.664 .... 1821 packets received, 2326 bps, 29.07%, Err 732 (1.0e-04)
1606.694 .... 1826 packets received, 2329 bps, 29.12%, Err 732 (1.0e-04)
1610.101 .... 1829 packets received, 2328 bps, 29.10%, Err 734 (1.0e-04)
1615.722 .... 1830 packets received, 2321 bps, 29.02%, Err 737 (1.0e-04)
1618.665 .... 1831 packets received, 2319 bps, 28.98%, Err 739 (1.0e-04)
1623.278 .... 1839 packets received, 2322 bps, 29.03%, Err 740 (1.0e-04)
1625.567 .... 1845 packets received, 2326 bps, 29.08%, Err 740 (1.0e-04)
1627.594 .... 1853 packets received, 2333 bps, 29.17%, Err 741 (1.0e-04)
1630.656 .... 1855 packets received, 2332 bps, 29.15%, Err 744 (1.0e-04)
1637.838 .... 1863 packets received, 2331 bps, 29.14%, Err 746 (1.0e-04)
1646.332 .... 1866 packets received, 2323 bps, 29.04%, Err 749 (1.0e-04)
1650.776 .... 1872 packets received, 2324 bps, 29.05%, Err 751 (1.0e-04)
1654.330 .... 1874 packets received, 2322 bps, 29.02%, Err 753 (1.0e-04)
1657.569 .... 1876 packets received, 2320 bps, 29.00%, Err 754 (1.0e-04)
1661.828 .... 1882 packets received, 2321 bps, 29.01%, Err 757 (1.0e-04)
1665.905 .... 1888 packets received, 2323 bps, 29.04%, Err 758 (1.0e-04)
1676.980 .... 1891 packets received, 2311 bps, 28.89%, Err 763 (1.0e-04)
1679.165 .... 1898 packets received, 2317 bps, 28.96%, Err 763 (1.0e-04)
1681.206 .... 1903 packets received, 2320 bps, 29.00%, Err 763 (1.0e-04)
1685.785 .... 1911 packets received, 2323 bps, 29.04%, Err 766 (1.0e-04)
1688.782 .... 1912 packets received, 2320 bps, 29.01%, Err 766 (1.0e-04)
1690.975 .... 1920 packets received, 2327 bps, 29.09%, Err 767 (1.0e-04)
1693.735 .... 1921 packets received, 2325 bps, 29.06%, Err 772 (1.0e-04)
1696.987 .... 1922 packets received, 2321 bps, 29.02%, Err 773 (1.0e-04)
1702.492 .... 1923 packets received, 2315 bps, 28.94%, Err 776 (1.0e-04)
1706.139 .... 1926 packets received, 2314 bps, 28.92%, Err 777 (1.0e-04)
1708.302 .... 1934 packets received, 2320 bps, 29.00%, Err 778 (1.0e-04)
1711.075 .... 1935 packets received, 2318 bps, 28.97%, Err 779 (1.0e-04)
1714.128 .... 1937 packets received, 2316 bps, 28.95%, Err 780 (1.0e-04)
1720.192 .... 1939 packets received, 2310 bps, 28.88%, Err 784 (1.0e-04)
1722.263 .... 1946 packets received, 2316 bps, 28.95%, Err 784 (1.0e-04)
1725.864 .... 1950 packets received, 2316 bps, 28.95%, Err 786 (1.0e-04)
1728.779 .... 1958 packets received, 2321 bps, 29.02%, Err 787 (1.0e-04)
1731.847 .... 1960 packets received, 2320 bps, 28.99%, Err 790 (1.0e-04)
1734.866 .... 1961 packets received, 2317 bps, 28.96%, Err 790 (1.0e-04)
1736.997 .... 1967 packets received, 2321 bps, 29.01%, Err 790 (1.0e-04)
1741.708 .... 1975 packets received, 2324 bps, 29.05%, Err 792 (1.0e-04)
1743.821 .... 1983 packets received, 2331 bps, 29.13%, Err 792 (1.0e-04)
1750.339 .... 1986 packets received, 2325 bps, 29.07%, Err 796 (1.0e-04)
1753.435 .... 1987 packets received, 2323 bps, 29.03%, Err 799 (1.0e-04)
1756.969 .... 1991 packets received, 2323 bps, 29.03%, Err 801 (1.0e-04)
1761.121 .... 1997 packets received, 2324 bps, 29.05%, Err 802 (1.0e-04)
1763.269 .... 2003 packets received, 2328 bps, 29.10%, Err 802 (1.0e-04)
1768.842 .... 2005 packets received, 2323 bps, 29.04%, Err 805 (1.0e-04)
1773.005 .... 2010 packets received, 2323 bps, 29.04%, Err 809 (1.0e-04)
1780.165 .... 2018 packets received, 2323 bps, 29.04%, Err 812 (1.0e-04)
1782.367 .... 2025 packets received, 2328 bps, 29.11%, Err 813 (1.0e-04)
1786.490 .... 2029 packets received, 2328 bps, 29.10%, Err 815 (1.0e-04)
1789.479 .... 2030 packets received, 2325 bps, 29.06%, Err 815 (1.0e-04)
1792.461 .... 2032 packets received, 2323 bps, 29.04%, Err 817 (1.0e-04)
1800.481 .... 2033 packets received, 2314 bps, 28.93%, Err 821 (1.0e-04)
1806.532 .... 2035 packets received, 2309 bps, 28.86%, Err 824 (1.0e-04)
1812.574 .... 2037 packets received, 2303 bps, 28.79%, Err 829 (1.0e-04)
1814.770 .... 2044 packets received, 2308 bps, 28.85%, Err 829 (1.0e-04)
1816.819 .... 2050 packets received, 2312 bps, 28.91%, Err 830 (1.0e-04)
1822.117 .... 2051 packets received, 2307 bps, 28.84%, Err 832 (1.0e-04)
1826.549 .... 2057 packets received, 2308 bps, 28.85%, Err 833 (1.0e-04)
1830.670 .... 2063 packets received, 2310 bps, 28.87%, Err 834 (1.0e-04)
1832.824 .... 2069 packets received, 2314 bps, 28.92%, Err 835 (1.0e-04)
1835.660 .... 2070 packets received, 2311 bps, 28.89%, Err 838 (1.0e-04)
1838.667 .... 2071 packets received, 2308 bps, 28.86%, Err 838 (1.0e-04)
1842.724 .... 2074 packets received, 2307 bps, 28.83%, Err 842 (1.0e-04)
1845.766 .... 2075 packets received, 2304 bps, 28.80%, Err 843 (1.0e-04)
1847.966 .... 2083 packets received, 2310 bps, 28.88%, Err 844 (1.0e-04)
1850.106 .... 2091 packets received, 2316 bps, 28.95%, Err 844 (1.0e-04)
1854.878 .... 2097 packets received, 2317 bps, 28.96%, Err 846 (1.0e-04)
1858.452 .... 2101 packets received, 2317 bps, 28.96%, Err 847 (1.0e-04)
1864.558 .... 2104 packets received, 2313 bps, 28.91%, Err 851 (1.0e-04)
1873.139 .... 2108 packets received, 2306 bps, 28.83%, Err 858 (1.0e-04)
1879.259 .... 2112 packets received, 2303 bps, 28.79%, Err 862 (1.0e-04)
1882.837 .... 2116 packets received, 2303 bps, 28.79%, Err 863 (1.0e-04)
1886.910 .... 2121 packets received, 2304 bps, 28.80%, Err 863 (1.0e-04)
1998.470 ** WARNING: System too busy, sleep 15 ms, but be awakened 111359 ms later
2002.505 ** WARNING: System too busy, sleep 15 ms, but be awakened 155 ms later
2003.315 .... 2123 packets received, 2172 bps, 27.15%, Err 864 (1.0e-04)
2010.021 ** WARNING: System too busy, sleep 15 ms, but be awakened 74 ms later
2012.042 .... 2124 packets received, 2163 bps, 27.04%, Err 867 (1.0e-04)
2015.261 .... 2128 packets received, 2164 bps, 27.05%, Err 867 (1.0e-04)
2018.610 .... 2131 packets received, 2163 bps, 27.04%, Err 868 (1.0e-04)
2022.464 .... 2136 packets received, 2164 bps, 27.05%, Err 870 (1.0e-04)
2026.808 .... 2143 packets received, 2167 bps, 27.08%, Err 871 (1.0e-04)
2030.431 .... 2147 packets received, 2167 bps, 27.09%, Err 872 (1.0e-04)
2032.713 .... 2153 packets received, 2171 bps, 27.13%, Err 873 (1.0e-04)
2035.488 .... 2154 packets received, 2169 bps, 27.11%, Err 873 (1.0e-04)
2039.420 .... 2159 packets received, 2169 bps, 27.12%, Err 875 (1.0e-04)
2042.417 .... 2160 packets received, 2167 bps, 27.09%, Err 878 (1.0e-04)
2047.908 .... 2161 packets received, 2162 bps, 27.03%, Err 879 (1.0e-04)
2050.092 .... 2169 packets received, 2168 bps, 27.10%, Err 879 (1.0e-04)
2054.294 .... 2175 packets received, 2170 bps, 27.12%, Err 881 (1.0e-04)
2057.853 .... 2178 packets received, 2169 bps, 27.11%, Err 885 (1.0e-04)
2060.886 .... 2179 packets received, 2167 bps, 27.08%, Err 885 (1.0e-04)
2064.415 .... 2181 packets received, 2165 bps, 27.06%, Err 886 (1.0e-04)
2067.977 .... 2185 packets received, 2165 bps, 27.07%, Err 887 (1.0e-04)
2075.743 .... 2193 packets received, 2165 bps, 27.06%, Err 890 (1.0e-04)
2082.352 .... 2199 packets received, 2164 bps, 27.05%, Err 893 (1.0e-04)
2085.395 .... 2200 packets received, 2162 bps, 27.02%, Err 894 (1.0e-04)
2089.545 .... 2206 packets received, 2163 bps, 27.04%, Err 896 (1.0e-04)
2092.279 .... 2214 packets received, 2168 bps, 27.11%, Err 896 (1.0e-04)
2108.602 .... 2217 packets received, 2155 bps, 26.93%, Err 905 (1.0e-04)
2112.770 .... 2223 packets received, 2156 bps, 26.95%, Err 907 (1.0e-04)
2116.875 .... 2229 packets received, 2158 bps, 26.97%, Err 909 (1.0e-04)
2119.164 .... 2237 packets received, 2163 bps, 27.04%, Err 911 (1.0e-04)
2124.378 .... 2238 packets received, 2159 bps, 26.99%, Err 915 (1.0e-04)
2127.352 .... 2239 packets received, 2157 bps, 26.96%, Err 915 (1.0e-04)
2129.551 .... 2247 packets received, 2162 bps, 27.03%, Err 915 (1.0e-04)
2132.646 .... 2249 packets received, 2161 bps, 27.01%, Err 917 (1.0e-04)
2136.143 .... 2251 packets received, 2159 bps, 26.99%, Err 918 (1.0e-04)
2140.025 .... 2256 packets received, 2160 bps, 27.00%, Err 921 (1.0e-04)
2143.619 .... 2259 packets received, 2160 bps, 26.99%, Err 923 (1.0e-04)
2145.743 .... 2267 packets received, 2165 bps, 27.06%, Err 923 (1.0e-04)
2149.209 .... 2268 packets received, 2162 bps, 27.03%, Err 924 (1.0e-04)
2151.341 .... 2275 packets received, 2167 bps, 27.09%, Err 925 (1.0e-04)
2154.090 .... 2276 packets received, 2165 bps, 27.07%, Err 926 (1.0e-04)
2156.093 .... 2281 packets received, 2168 bps, 27.10%, Err 926 (1.0e-04)
2158.280 .... 2289 packets received, 2173 bps, 27.17%, Err 926 (1.0e-04)
2160.755 .... 2295 packets received, 2177 bps, 27.21%, Err 927 (1.0e-04)
2166.025 .... 2296 packets received, 2172 bps, 27.15%, Err 929 (1.0e-04)
2169.887 .... 2301 packets received, 2173 bps, 27.16%, Err 931 (1.0e-04)
2174.265 .... 2308 packets received, 2175 bps, 27.19%, Err 933 (1.0e-04)
2180.300 .... 2310 packets received, 2171 bps, 27.14%, Err 936 (1.0e-04)
2186.714 .... 2315 packets received, 2169 bps, 27.12%, Err 938 (1.0e-04)
2190.580 .... 2320 packets received, 2170 bps, 27.13%, Err 941 (1.0e-04)
2192.776 .... 2325 packets received, 2173 bps, 27.16%, Err 941 (1.0e-04)
2198.581 .... 2328 packets received, 2170 bps, 27.12%, Err 945 (1.0e-04)
2201.544 .... 2329 packets received, 2168 bps, 27.10%, Err 947 (1.0e-04)
2205.198 .... 2332 packets received, 2167 bps, 27.09%, Err 949 (1.0e-04)
2209.286 .... 2338 packets received, 2169 bps, 27.11%, Err 951 (1.0e-04)
2212.800 .... 2340 packets received, 2167 bps, 27.09%, Err 953 (1.0e-04)
2215.787 .... 2341 packets received, 2165 bps, 27.06%, Err 953 (1.0e-04)
2222.977 .... 2349 packets received, 2165 bps, 27.07%, Err 957 (1.0e-04)
2225.936 .... 2350 packets received, 2163 bps, 27.04%, Err 958 (1.0e-04)
2229.512 .... 2352 packets received, 2162 bps, 27.02%, Err 962 (1.0e-04)
2232.533 .... 2353 packets received, 2160 bps, 27.00%, Err 963 (1.0e-04)
2236.113 .... 2357 packets received, 2160 bps, 27.00%, Err 965 (1.0e-04)
2239.102 .... 2359 packets received, 2159 bps, 26.99%, Err 965 (1.0e-04)
2245.432 .... 2364 packets received, 2157 bps, 26.97%, Err 973 (1.0e-04)
2247.609 .... 2372 packets received, 2163 bps, 27.03%, Err 973 (1.0e-04)
2249.767 .... 2378 packets received, 2166 bps, 27.07%, Err 974 (1.0e-04)
2252.599 .... 2379 packets received, 2164 bps, 27.05%, Err 975 (1.0e-04)
2256.147 .... 2383 packets received, 2164 bps, 27.05%, Err 976 (1.0e-04)
2259.761 .... 2387 packets received, 2165 bps, 27.06%, Err 977 (1.0e-04)
2260.411 ** WARNING: System too busy, sleep 15 ms, but be awakened 68 ms later
2263.601 .... 2392 packets received, 2165 bps, 27.07%, Err 978 (1.0e-04)
2266.120 ** WARNING: System too busy, sleep 15 ms, but be awakened 82 ms later
2267.690 .... 2398 packets received, 2167 bps, 27.09%, Err 979 (1.0e-04)
2272.108 .... 2405 packets received, 2169 bps, 27.11%, Err 981 (1.0e-04)
2276.850 .... 2412 packets received, 2171 bps, 27.13%, Err 983 (1.0e-04)
2294.548 ** WARNING: System too busy, sleep 15 ms, but be awakened 17097 ms later
2295.215 .... 2414 packets received, 2155 bps, 26.94%, Err 984 (1.0e-04)
2298.891 .... 2415 packets received, 2153 bps, 26.91%, Err 985 (1.0e-04)
2301.711 .... 2416 packets received, 2151 bps, 26.89%, Err 985 (1.0e-04)
2303.716 .... 2419 packets received, 2152 bps, 26.90%, Err 988 (1.0e-04)
2308.327 .... 2426 packets received, 2154 bps, 26.92%, Err 990 (1.0e-04)
2311.978 .... 2429 packets received, 2153 bps, 26.91%, Err 992 (1.0e-04)
2318.292 .... 2434 packets received, 2151 bps, 26.89%, Err 996 (1.0e-04)
2322.661 .... 2441 packets received, 2154 bps, 26.92%, Err 998 (1.0e-04)
2326.201 .... 2443 packets received, 2152 bps, 26.90%, Err 1000 (1.0e-04)
2328.498 .... 2449 packets received, 2155 bps, 26.94%, Err 1000 (1.0e-04)
2335.156 .... 2455 packets received, 2154 bps, 26.93%, Err 1002 (1.0e-04)
2338.403 .... 2457 packets received, 2153 bps, 26.91%, Err 1003 (1.0e-04)
2345.035 .... 2463 packets received, 2152 bps, 26.90%, Err 1007 (1.0e-04)
2349.200 .... 2469 packets received, 2154 bps, 26.92%, Err 1009 (1.0e-04)
2352.719 .... 2471 packets received, 2152 bps, 26.90%, Err 1011 (1.0e-04)
2357.071 .... 2478 packets received, 2154 bps, 26.93%, Err 1014 (1.0e-04)
2359.251 .... 2486 packets received, 2159 bps, 26.99%, Err 1015 (1.0e-04)
2362.055 .... 2487 packets received, 2158 bps, 26.97%, Err 1017 (1.0e-04)
2367.590 .... 2488 packets received, 2153 bps, 26.92%, Err 1020 (1.0e-04)
2371.238 .... 2491 packets received, 2153 bps, 26.91%, Err 1022 (1.0e-04)
2375.279 .... 2494 packets received, 2152 bps, 26.89%, Err 1024 (1.0e-04)
2379.741 .... 2500 packets received, 2153 bps, 26.91%, Err 1027 (1.0e-04)
2382.219 .... 2508 packets received, 2157 bps, 26.97%, Err 1027 (1.0e-04)
2384.318 .... 2513 packets received, 2160 bps, 27.00%, Err 1028 (1.0e-04)
2387.147 .... 2514 packets received, 2158 bps, 26.97%, Err 1029 (1.0e-04)
2389.240 .... 2522 packets received, 2163 bps, 27.04%, Err 1030 (1.0e-04)
2392.021 .... 2523 packets received, 2161 bps, 27.02%, Err 1030 (1.0e-04)
2395.576 .... 2525 packets received, 2160 bps, 27.00%, Err 1032 (1.0e-04)
2398.567 .... 2526 packets received, 2158 bps, 26.97%, Err 1032 (1.0e-04)
2400.721 .... 2534 packets received, 2163 bps, 27.04%, Err 1032 (1.0e-04)
2402.725 .... 2539 packets received, 2165 bps, 27.07%, Err 1032 (1.0e-04)
2406.029 .... 2542 packets received, 2165 bps, 27.06%, Err 1036 (1.0e-04)
2415.487 .... 2549 packets received, 2162 bps, 27.03%, Err 1040 (1.0e-04)
2419.067 .... 2552 packets received, 2162 bps, 27.02%, Err 1041 (1.0e-04)
2423.170 .... 2556 packets received, 2161 bps, 27.02%, Err 1044 (1.0e-04)
2425.311 .... 2562 packets received, 2165 bps, 27.06%, Err 1044 (1.0e-04)
2430.806 .... 2564 packets received, 2161 bps, 27.02%, Err 1047 (1.0e-04)
2434.068 .... 2566 packets received, 2160 bps, 27.00%, Err 1049 (1.0e-04)
2437.417 .... 2567 packets received, 2158 bps, 26.98%, Err 1049 (1.0e-04)
2442.112 .... 2573 packets received, 2159 bps, 26.99%, Err 1050 (1.0e-04)
2445.925 .... 2576 packets received, 2158 bps, 26.98%, Err 1053 (1.0e-04)
2450.674 .... 2584 packets received, 2161 bps, 27.01%, Err 1056 (1.0e-04)
2454.786 .... 2590 packets received, 2162 bps, 27.02%, Err 1059 (1.0e-04)
2456.943 .... 2596 packets received, 2165 bps, 27.06%, Err 1059 (1.0e-04)
2461.337 .... 2603 packets received, 2167 bps, 27.09%, Err 1060 (1.0e-04)
2464.863 .... 2605 packets received, 2166 bps, 27.07%, Err 1062 (1.0e-04)
2468.450 .... 2607 packets received, 2164 bps, 27.05%, Err 1063 (1.0e-04)
2471.982 .... 2609 packets received, 2163 bps, 27.03%, Err 1065 (1.0e-04)
2475.023 .... 2610 packets received, 2161 bps, 27.01%, Err 1067 (1.0e-04)
2478.575 .... 2612 packets received, 2159 bps, 26.99%, Err 1071 (1.0e-04)
2483.209 .... 2620 packets received, 2162 bps, 27.02%, Err 1075 (1.0e-04)
2486.794 .... 2623 packets received, 2161 bps, 27.02%, Err 1077 (1.0e-04)
2489.638 .... 2631 packets received, 2165 bps, 27.07%, Err 1078 (1.0e-04)
2494.013 .... 2638 packets received, 2167 bps, 27.09%, Err 1081 (1.0e-04)
2496.990 .... 2639 packets received, 2166 bps, 27.07%, Err 1081 (1.0e-04)
2500.607 .... 2642 packets received, 2165 bps, 27.06%, Err 1083 (1.0e-04)
2504.151 .... 2644 packets received, 2163 bps, 27.04%, Err 1086 (1.0e-04)
2508.297 .... 2650 packets received, 2165 bps, 27.06%, Err 1088 (1.0e-04)
2511.827 .... 2652 packets received, 2163 bps, 27.04%, Err 1092 (1.0e-04)
2513.960 .... 2660 packets received, 2168 bps, 27.10%, Err 1092 (1.0e-04)
2516.010 .... 2665 packets received, 2170 bps, 27.13%, Err 1093 (1.0e-04)
2518.763 .... 2666 packets received, 2169 bps, 27.11%, Err 1095 (1.0e-04)
2521.797 .... 2667 packets received, 2167 bps, 27.09%, Err 1095 (1.0e-04)
2527.842 .... 2671 packets received, 2165 bps, 27.06%, Err 1100 (1.0e-04)
2532.313 .... 2678 packets received, 2167 bps, 27.09%, Err 1102 (1.0e-04)
2536.144 .... 2683 packets received, 2168 bps, 27.10%, Err 1105 (1.0e-04)
2539.721 .... 2686 packets received, 2167 bps, 27.09%, Err 1106 (1.0e-04)
2543.894 .... 2692 packets received, 2168 bps, 27.10%, Err 1108 (1.0e-04)
2547.419 .... 2694 packets received, 2167 bps, 27.09%, Err 1111 (1.0e-04)
2549.567 .... 2702 packets received, 2172 bps, 27.14%, Err 1111 (1.0e-04)
2554.015 .... 2707 packets received, 2172 bps, 27.15%, Err 1112 (1.0e-04)
2557.540 .... 2710 packets received, 2171 bps, 27.14%, Err 1113 (1.0e-04)
2560.629 .... 2712 packets received, 2170 bps, 27.13%, Err 1114 (1.0e-04)
2564.512 .... 2717 packets received, 2171 bps, 27.14%, Err 1116 (1.0e-04)
2566.658 .... 2725 packets received, 2175 bps, 27.19%, Err 1116 (1.0e-04)
2570.193 .... 2729 packets received, 2176 bps, 27.20%, Err 1117 (1.0e-04)
2576.363 .... 2732 packets received, 2173 bps, 27.16%, Err 1121 (1.0e-04)
2579.328 .... 2733 packets received, 2171 bps, 27.14%, Err 1122 (1.0e-04)
2582.852 .... 2735 packets received, 2170 bps, 27.12%, Err 1124 (1.0e-04)
2589.491 .... 2741 packets received, 2169 bps, 27.11%, Err 1126 (1.0e-04)
2593.637 .... 2747 packets received, 2170 bps, 27.13%, Err 1128 (1.0e-04)
2598.488 .... 2754 packets received, 2172 bps, 27.15%, Err 1129 (1.0e-04)
2603.185 .... 2760 packets received, 2172 bps, 27.16%, Err 1133 (1.0e-04)
2606.206 .... 2761 packets received, 2171 bps, 27.13%, Err 1135 (1.0e-04)
2608.826 .... 2768 packets received, 2174 bps, 27.18%, Err 1135 (1.0e-04)
2610.947 .... 2776 packets received, 2179 bps, 27.23%, Err 1138 (1.0e-04)
2613.763 .... 2777 packets received, 2177 bps, 27.21%, Err 1138 (1.0e-04)
2615.987 .... 2785 packets received, 2181 bps, 27.27%, Err 1138 (1.0e-04)
2618.193 .... 2793 packets received, 2186 bps, 27.32%, Err 1138 (1.0e-04)
2625.064 .... 2800 packets received, 2186 bps, 27.32%, Err 1140 (1.0e-04)
2627.267 .... 2808 packets received, 2190 bps, 27.37%, Err 1143 (1.0e-04)
2632.526 .... 2809 packets received, 2186 bps, 27.33%, Err 1145 (1.0e-04)
2636.371 .... 2814 packets received, 2187 bps, 27.34%, Err 1146 (1.0e-04)
2640.440 .... 2819 packets received, 2188 bps, 27.34%, Err 1149 (1.0e-04)
2647.012 .... 2824 packets received, 2186 bps, 27.33%, Err 1153 (1.0e-04)
2649.771 .... 2825 packets received, 2184 bps, 27.31%, Err 1153 (1.0e-04)
2653.353 .... 2829 packets received, 2185 bps, 27.31%, Err 1156 (1.0e-04)
2657.005 .... 2832 packets received, 2184 bps, 27.30%, Err 1157 (1.0e-04)
2659.071 .... 2837 packets received, 2186 bps, 27.33%, Err 1157 (1.0e-04)
2662.113 .... 2839 packets received, 2185 bps, 27.31%, Err 1158 (1.0e-04)
2665.992 .... 2844 packets received, 2186 bps, 27.32%, Err 1160 (1.0e-04)
2668.097 .... 2852 packets received, 2190 bps, 27.38%, Err 1160 (1.0e-04)
2671.712 .... 2856 packets received, 2190 bps, 27.38%, Err 1161 (1.0e-04)
2674.527 .... 2864 packets received, 2194 bps, 27.43%, Err 1161 (1.0e-04)
2677.310 .... 2865 packets received, 2193 bps, 27.41%, Err 1162 (1.0e-04)
2681.178 .... 2869 packets received, 2193 bps, 27.41%, Err 1163 (1.0e-04)
2687.207 .... 2872 packets received, 2190 bps, 27.37%, Err 1167 (1.0e-04)
2689.354 .... 2879 packets received, 2193 bps, 27.42%, Err 1167 (1.0e-04)
2693.268 .... 2884 packets received, 2194 bps, 27.43%, Err 1171 (1.0e-04)
2696.268 .... 2885 packets received, 2192 bps, 27.41%, Err 1171 (1.0e-04)
2698.463 .... 2893 packets received, 2197 bps, 27.46%, Err 1172 (1.0e-04)
2700.631 .... 2901 packets received, 2201 bps, 27.51%, Err 1174 (1.0e-04)
2702.925 .... 2907 packets received, 2204 bps, 27.55%, Err 1175 (1.0e-04)
2705.641 .... 2908 packets received, 2202 bps, 27.53%, Err 1176 (1.0e-04)
2709.266 .... 2911 packets received, 2202 bps, 27.52%, Err 1180 (1.0e-04)
2714.772 .... 2912 packets received, 2198 bps, 27.47%, Err 1182 (1.0e-04)
2716.998 .... 2920 packets received, 2202 bps, 27.53%, Err 1183 (1.0e-04)
2719.155 .... 2926 packets received, 2205 bps, 27.56%, Err 1183 (1.0e-04)
2724.780 .... 2928 packets received, 2202 bps, 27.52%, Err 1188 (1.0e-04)
2727.829 .... 2929 packets received, 2200 bps, 27.50%, Err 1189 (1.0e-04)
2731.639 .... 2934 packets received, 2201 bps, 27.51%, Err 1192 (1.0e-04)
2735.206 .... 2936 packets received, 2199 bps, 27.49%, Err 1193 (1.0e-04)
2739.311 .... 2942 packets received, 2201 bps, 27.51%, Err 1196 (1.0e-04)
2743.416 .... 2948 packets received, 2202 bps, 27.52%, Err 1199 (1.0e-04)
2746.436 .... 2949 packets received, 2200 bps, 27.50%, Err 1200 (1.0e-04)
2748.604 .... 2957 packets received, 2204 bps, 27.55%, Err 1202 (1.0e-04)
2750.788 .... 2963 packets received, 2207 bps, 27.59%, Err 1202 (1.0e-04)
2752.982 .... 2971 packets received, 2211 bps, 27.64%, Err 1202 (1.0e-04)
2755.225 .... 2977 packets received, 2214 bps, 27.67%, Err 1203 (1.0e-04)
2758.053 .... 2978 packets received, 2212 bps, 27.65%, Err 1204 (1.0e-04)
2760.197 .... 2984 packets received, 2215 bps, 27.69%, Err 1204 (1.0e-04)
2762.331 .... 2992 packets received, 2219 bps, 27.74%, Err 1205 (1.0e-04)
2766.859 .... 2997 packets received, 2219 bps, 27.74%, Err 1209 (1.0e-04)
2768.958 .... 3005 packets received, 2224 bps, 27.80%, Err 1209 (1.0e-04)
2773.417 .... 3010 packets received, 2224 bps, 27.80%, Err 1211 (1.0e-04)
2777.012 .... 3014 packets received, 2224 bps, 27.80%, Err 1214 (1.0e-04)
2779.139 .... 3022 packets received, 2228 bps, 27.85%, Err 1214 (1.0e-04)
2783.054 .... 3027 packets received, 2229 bps, 27.86%, Err 1215 (1.0e-04)
2786.662 .... 3030 packets received, 2228 bps, 27.85%, Err 1218 (1.0e-04)
2788.748 .... 3038 packets received, 2232 bps, 27.90%, Err 1218 (1.0e-04)
2790.818 .... 3041 packets received, 2233 bps, 27.91%, Err 1218 (1.0e-04)
2793.903 .... 3043 packets received, 2232 bps, 27.90%, Err 1220 (1.0e-04)
2798.090 .... 3049 packets received, 2233 bps, 27.91%, Err 1221 (1.0e-04)
2800.429 .... 3055 packets received, 2235 bps, 27.94%, Err 1222 (1.0e-04)
2803.248 .... 3056 packets received, 2234 bps, 27.92%, Err 1224 (1.0e-04)
2805.410 .... 3062 packets received, 2236 bps, 27.95%, Err 1224 (1.0e-04)
2808.750 .... 3065 packets received, 2236 bps, 27.95%, Err 1228 (1.0e-04)
2814.272 .... 3066 packets received, 2232 bps, 27.90%, Err 1229 (1.0e-04)
2817.835 .... 3068 packets received, 2231 bps, 27.89%, Err 1231 (1.0e-04)
2820.073 .... 3074 packets received, 2233 bps, 27.92%, Err 1231 (1.0e-04)
2823.572 TCP disconnected.
