000.000 =============================================================
000.000                     Station B                               
000.000 -------------------------------------------------------------
000.000 Protocol.lib, version 4.0, jiangyanjun0718@bupt.edu.cn
000.000 Channel: 8000 bps, 270 ms propagation delay, bit error rate 1.0E-04
000.000 Log file "datalink-B.log", TCP port 59144, debug mask 0x00
000.000 Station B is connecting station A (TCP port 59144) ... Done.
000.999 New epoch: Sat May 16 11:05:18 2026
000.999 =================================================================
000.999 
000.999 Designed by Jiang Yanjun, build: May 16 2026  01:15:59
006.051 .... 8 packets received, 3420 bps, 42.76%, Err 3 (1.1e-04)
009.578 .... 10 packets received, 2462 bps, 30.78%, Err 4 (9.8e-05)
013.118 .... 12 packets received, 2073 bps, 25.91%, Err 5 (9.4e-05)
016.766 .... 16 packets received, 2113 bps, 26.42%, Err 9 (1.3e-04)
018.960 .... 21 packets received, 2430 bps, 30.37%, Err 9 (1.1e-04)
021.969 .... 23 packets received, 2275 bps, 28.43%, Err 10 (1.1e-04)
028.024 .... 27 packets received, 2066 bps, 25.83%, Err 12 (1.0e-04)
030.143 .... 35 packets received, 2482 bps, 31.02%, Err 14 (1.0e-04)
034.354 .... 39 packets received, 2414 bps, 30.17%, Err 15 (9.8e-05)
038.230 .... 43 packets received, 2382 bps, 29.78%, Err 16 (9.4e-05)
040.337 .... 51 packets received, 2673 bps, 33.41%, Err 16 (8.6e-05)
043.785 .... 54 packets received, 2601 bps, 32.51%, Err 17 (8.4e-05)
046.412 .... 61 packets received, 2767 bps, 34.59%, Err 19 (8.7e-05)
052.044 .... 62 packets received, 2500 bps, 31.25%, Err 24 (1.0e-04)
055.032 .... 63 packets received, 2400 bps, 29.99%, Err 24 (9.7e-05)
061.112 .... 66 packets received, 2258 bps, 28.23%, Err 29 (1.1e-04)
064.690 .... 69 packets received, 2228 bps, 27.85%, Err 31 (1.1e-04)
068.836 .... 75 packets received, 2273 bps, 28.41%, Err 32 (1.0e-04)
072.992 .... 81 packets received, 2313 bps, 28.91%, Err 33 (1.0e-04)
076.535 .... 83 packets received, 2258 bps, 28.23%, Err 35 (1.0e-04)
079.280 .... 91 packets received, 2389 bps, 29.86%, Err 35 (9.7e-05)
082.336 .... 93 packets received, 2349 bps, 29.37%, Err 36 (9.7e-05)
085.869 .... 95 packets received, 2300 bps, 28.74%, Err 39 (1.0e-04)
089.782 .... 100 packets received, 2314 bps, 28.92%, Err 41 (1.0e-04)
093.307 .... 102 packets received, 2269 bps, 28.37%, Err 42 (1.0e-04)
097.230 .... 107 packets received, 2283 bps, 28.54%, Err 45 (1.0e-04)
099.677 .... 114 packets received, 2372 bps, 29.65%, Err 45 (1.0e-04)
103.524 .... 119 packets received, 2383 bps, 29.79%, Err 47 (1.0e-04)
107.922 .... 124 packets received, 2381 bps, 29.76%, Err 49 (1.0e-04)
111.514 .... 128 packets received, 2378 bps, 29.72%, Err 51 (1.0e-04)
113.729 .... 136 packets received, 2477 bps, 30.96%, Err 52 (9.9e-05)
122.070 .... 139 packets received, 2356 bps, 29.45%, Err 58 (1.0e-04)
125.098 .... 140 packets received, 2315 bps, 28.94%, Err 58 (1.0e-04)
127.205 .... 146 packets received, 2374 bps, 29.68%, Err 58 (1.0e-04)
129.384 .... 154 packets received, 2462 bps, 30.77%, Err 58 (9.7e-05)
133.812 .... 159 packets received, 2457 bps, 30.71%, Err 62 (1.0e-04)
136.033 .... 167 packets received, 2538 bps, 31.72%, Err 62 (9.8e-05)
139.077 .... 169 packets received, 2511 bps, 31.39%, Err 65 (1.0e-04)
142.032 .... 170 packets received, 2473 bps, 30.92%, Err 66 (1.0e-04)
144.208 .... 178 packets received, 2550 bps, 31.88%, Err 67 (9.9e-05)
147.007 .... 179 packets received, 2515 bps, 31.44%, Err 68 (9.9e-05)
150.640 .... 183 packets received, 2509 bps, 31.36%, Err 70 (1.0e-04)
154.230 .... 185 packets received, 2477 bps, 30.96%, Err 71 (9.9e-05)
157.775 .... 188 packets received, 2460 bps, 30.75%, Err 74 (1.0e-04)
162.171 .... 195 packets received, 2482 bps, 31.02%, Err 76 (1.0e-04)
164.311 .... 203 packets received, 2550 bps, 31.87%, Err 76 (9.9e-05)
168.143 .... 205 packets received, 2516 bps, 31.45%, Err 78 (1.0e-04)
171.225 .... 206 packets received, 2482 bps, 31.03%, Err 79 (9.9e-05)
175.828 .... 212 packets received, 2487 bps, 31.09%, Err 79 (9.7e-05)
179.413 .... 216 packets received, 2483 bps, 31.04%, Err 82 (9.8e-05)
182.488 .... 217 packets received, 2452 bps, 30.65%, Err 84 (1.0e-04)
184.572 .... 222 packets received, 2480 bps, 31.00%, Err 85 (9.9e-05)
187.390 .... 223 packets received, 2454 bps, 30.67%, Err 85 (9.8e-05)
192.009 .... 229 packets received, 2459 bps, 30.73%, Err 89 (1.0e-04)
195.560 .... 231 packets received, 2435 bps, 30.44%, Err 90 (1.0e-04)
197.723 .... 239 packets received, 2491 bps, 31.14%, Err 91 (9.9e-05)
201.323 .... 243 packets received, 2488 bps, 31.09%, Err 93 (1.0e-04)
206.003 .... 249 packets received, 2491 bps, 31.13%, Err 96 (1.0e-04)
209.564 .... 251 packets received, 2468 bps, 30.85%, Err 100 (1.0e-04)
212.601 .... 252 packets received, 2442 bps, 30.53%, Err 102 (1.0e-04)
214.807 .... 259 packets received, 2484 bps, 31.05%, Err 102 (1.0e-04)
216.993 .... 265 packets received, 2516 bps, 31.45%, Err 102 (1.0e-04)
221.734 .... 273 packets received, 2536 bps, 31.70%, Err 103 (1.0e-04)
225.768 .... 279 packets received, 2545 bps, 31.81%, Err 105 (1.0e-04)
227.964 .... 287 packets received, 2593 bps, 32.41%, Err 108 (1.0e-04)
230.684 .... 288 packets received, 2571 bps, 32.14%, Err 110 (1.0e-04)
235.032 .... 294 packets received, 2576 bps, 32.20%, Err 112 (1.0e-04)
243.595 .... 296 packets received, 2502 bps, 31.27%, Err 116 (1.0e-04)
245.724 .... 304 packets received, 2547 bps, 31.83%, Err 117 (1.0e-04)
247.979 .... 310 packets received, 2573 bps, 32.17%, Err 117 (1.0e-04)
251.962 .... 315 packets received, 2573 bps, 32.17%, Err 118 (1.0e-04)
256.098 .... 321 packets received, 2580 bps, 32.25%, Err 120 (1.0e-04)
259.651 .... 323 packets received, 2560 bps, 32.00%, Err 122 (1.0e-04)
264.018 .... 330 packets received, 2572 bps, 32.15%, Err 125 (1.0e-04)
267.356 .... 333 packets received, 2563 bps, 32.04%, Err 129 (1.0e-04)
270.379 .... 334 packets received, 2542 bps, 31.77%, Err 130 (1.0e-04)
274.874 .... 340 packets received, 2545 bps, 31.81%, Err 133 (1.0e-04)
277.019 .... 346 packets received, 2570 bps, 32.12%, Err 133 (1.0e-04)
281.808 .... 354 packets received, 2584 bps, 32.30%, Err 136 (1.0e-04)
284.805 .... 355 packets received, 2564 bps, 32.05%, Err 136 (1.0e-04)
288.302 .... 357 packets received, 2547 bps, 31.84%, Err 138 (1.0e-04)
291.880 .... 361 packets received, 2544 bps, 31.80%, Err 139 (1.0e-04)
294.087 .... 369 packets received, 2581 bps, 32.26%, Err 139 (1.0e-04)
297.892 .... 371 packets received, 2561 bps, 32.02%, Err 142 (1.0e-04)
300.108 .... 377 packets received, 2584 bps, 32.29%, Err 143 (1.0e-04)
302.953 .... 378 packets received, 2566 bps, 32.08%, Err 144 (1.0e-04)
306.530 .... 382 packets received, 2563 bps, 32.03%, Err 146 (1.0e-04)
313.660 .... 390 packets received, 2557 bps, 31.96%, Err 149 (1.0e-04)
317.486 .... 395 packets received, 2558 bps, 31.98%, Err 150 (1.0e-04)
322.158 .... 400 packets received, 2553 bps, 31.91%, Err 154 (1.0e-04)
325.188 .... 401 packets received, 2535 bps, 31.69%, Err 154 (1.0e-04)
328.792 .... 404 packets received, 2526 bps, 31.58%, Err 156 (1.0e-04)
332.845 .... 407 packets received, 2514 bps, 31.42%, Err 158 (1.0e-04)
335.066 .... 413 packets received, 2534 bps, 31.67%, Err 158 (1.0e-04)
337.258 .... 419 packets received, 2554 bps, 31.92%, Err 158 (1.0e-04)
340.885 .... 423 packets received, 2551 bps, 31.88%, Err 159 (1.0e-04)
344.753 .... 428 packets received, 2552 bps, 31.90%, Err 161 (1.0e-04)
347.172 .... 435 packets received, 2575 bps, 32.19%, Err 161 (9.9e-05)
353.043 .... 438 packets received, 2550 bps, 31.87%, Err 165 (1.0e-04)
356.588 .... 440 packets received, 2536 bps, 31.70%, Err 167 (1.0e-04)
359.606 .... 441 packets received, 2520 bps, 31.50%, Err 167 (1.0e-04)
363.165 .... 443 packets received, 2507 bps, 31.34%, Err 169 (1.0e-04)
366.768 .... 446 packets received, 2499 bps, 31.24%, Err 171 (1.0e-04)
371.120 .... 453 packets received, 2508 bps, 31.35%, Err 173 (1.0e-04)
374.721 .... 457 packets received, 2506 bps, 31.33%, Err 174 (1.0e-04)
378.261 .... 459 packets received, 2493 bps, 31.17%, Err 177 (1.0e-04)
381.909 .... 462 packets received, 2486 bps, 31.07%, Err 179 (1.0e-04)
386.288 .... 467 packets received, 2484 bps, 31.05%, Err 181 (1.0e-04)
390.184 .... 472 packets received, 2485 bps, 31.07%, Err 186 (1.0e-04)
395.659 .... 473 packets received, 2456 bps, 30.70%, Err 189 (1.0e-04)
399.209 .... 475 packets received, 2445 bps, 30.56%, Err 190 (1.0e-04)
405.283 .... 479 packets received, 2428 bps, 30.35%, Err 195 (1.0e-04)
408.315 .... 480 packets received, 2415 bps, 30.19%, Err 195 (1.0e-04)
411.110 .... 488 packets received, 2439 bps, 30.48%, Err 196 (1.0e-04)
414.232 .... 490 packets received, 2430 bps, 30.38%, Err 197 (1.0e-04)
416.570 .... 496 packets received, 2446 bps, 30.57%, Err 197 (1.0e-04)
421.359 .... 502 packets received, 2447 bps, 30.59%, Err 198 (1.0e-04)
423.581 .... 510 packets received, 2473 bps, 30.91%, Err 198 (1.0e-04)
426.952 .... 513 packets received, 2468 bps, 30.85%, Err 200 (1.0e-04)
429.901 .... 514 packets received, 2456 bps, 30.70%, Err 202 (1.0e-04)
435.429 .... 515 packets received, 2429 bps, 30.37%, Err 203 (1.0e-04)
441.793 .... 520 packets received, 2417 bps, 30.22%, Err 207 (1.0e-04)
444.762 .... 521 packets received, 2406 bps, 30.07%, Err 208 (1.0e-04)
446.922 .... 529 packets received, 2431 bps, 30.39%, Err 209 (1.0e-04)
449.728 .... 530 packets received, 2420 bps, 30.25%, Err 210 (1.0e-04)
454.178 .... 537 packets received, 2428 bps, 30.35%, Err 211 (1.0e-04)
462.740 .... 539 packets received, 2392 bps, 29.90%, Err 216 (1.0e-04)
465.404 .... 547 packets received, 2414 bps, 30.17%, Err 216 (1.0e-04)
468.780 .... 550 packets received, 2409 bps, 30.12%, Err 218 (1.0e-04)
471.510 .... 555 packets received, 2417 bps, 30.21%, Err 218 (1.0e-04)
473.972 .... 561 packets received, 2431 bps, 30.38%, Err 218 (1.0e-04)
476.462 .... 566 packets received, 2439 bps, 30.49%, Err 218 (1.0e-04)
478.595 .... 569 packets received, 2441 bps, 30.52%, Err 220 (1.0e-04)
481.391 .... 570 packets received, 2431 bps, 30.39%, Err 220 (9.9e-05)
483.565 .... 578 packets received, 2454 bps, 30.68%, Err 220 (9.8e-05)
487.818 .... 584 packets received, 2458 bps, 30.73%, Err 223 (9.9e-05)
492.240 .... 591 packets received, 2465 bps, 30.82%, Err 226 (9.9e-05)
495.256 .... 592 packets received, 2454 bps, 30.68%, Err 228 (1.0e-04)
500.752 .... 593 packets received, 2431 bps, 30.39%, Err 233 (1.0e-04)
504.864 .... 596 packets received, 2424 bps, 30.30%, Err 234 (1.0e-04)
506.929 .... 604 packets received, 2446 bps, 30.58%, Err 234 (1.0e-04)
511.200 .... 608 packets received, 2442 bps, 30.52%, Err 237 (1.0e-04)
513.372 .... 616 packets received, 2463 bps, 30.79%, Err 238 (1.0e-04)
516.400 .... 618 packets received, 2457 bps, 30.71%, Err 240 (1.0e-04)
520.020 .... 622 packets received, 2456 bps, 30.69%, Err 241 (1.0e-04)
524.211 .... 627 packets received, 2455 bps, 30.69%, Err 243 (1.0e-04)
527.767 .... 630 packets received, 2451 bps, 30.63%, Err 245 (1.0e-04)
531.572 .... 635 packets received, 2452 bps, 30.65%, Err 248 (1.0e-04)
538.240 .... 640 packets received, 2441 bps, 30.51%, Err 250 (1.0e-04)
544.259 .... 642 packets received, 2421 bps, 30.27%, Err 252 (1.0e-04)
548.073 .... 646 packets received, 2419 bps, 30.24%, Err 254 (1.0e-04)
551.652 .... 650 packets received, 2419 bps, 30.23%, Err 255 (1.0e-04)
555.482 .... 655 packets received, 2420 bps, 30.26%, Err 256 (1.0e-04)
557.632 .... 662 packets received, 2437 bps, 30.46%, Err 256 (9.9e-05)
561.004 .... 665 packets received, 2433 bps, 30.41%, Err 259 (1.0e-04)
564.549 .... 668 packets received, 2429 bps, 30.36%, Err 262 (1.0e-04)
567.049 .... 675 packets received, 2443 bps, 30.54%, Err 262 (1.0e-04)
570.680 .... 679 packets received, 2442 bps, 30.53%, Err 264 (1.0e-04)
572.859 .... 687 packets received, 2461 bps, 30.77%, Err 265 (1.0e-04)
575.898 .... 689 packets received, 2456 bps, 30.69%, Err 266 (1.0e-04)
579.787 .... 694 packets received, 2457 bps, 30.71%, Err 270 (1.0e-04)
582.782 .... 695 packets received, 2448 bps, 30.60%, Err 270 (1.0e-04)
586.666 .... 699 packets received, 2445 bps, 30.57%, Err 271 (1.0e-04)
590.188 .... 703 packets received, 2445 bps, 30.56%, Err 273 (1.0e-04)
596.296 .... 706 packets received, 2430 bps, 30.37%, Err 278 (1.0e-04)
598.514 .... 714 packets received, 2448 bps, 30.60%, Err 278 (1.0e-04)
601.856 .... 717 packets received, 2445 bps, 30.56%, Err 279 (1.0e-04)
605.666 .... 722 packets received, 2446 bps, 30.58%, Err 280 (1.0e-04)
609.248 .... 725 packets received, 2442 bps, 30.53%, Err 282 (1.0e-04)
613.377 .... 731 packets received, 2446 bps, 30.57%, Err 285 (1.0e-04)
615.572 .... 737 packets received, 2457 bps, 30.71%, Err 285 (1.0e-04)
618.316 .... 738 packets received, 2449 bps, 30.62%, Err 286 (1.0e-04)
622.751 .... 745 packets received, 2455 bps, 30.69%, Err 289 (1.0e-04)
625.628 .... 753 packets received, 2470 bps, 30.87%, Err 289 (9.9e-05)
630.067 .... 760 packets received, 2475 bps, 30.94%, Err 290 (9.9e-05)
633.604 .... 762 packets received, 2468 bps, 30.85%, Err 292 (9.9e-05)
644.669 .... 765 packets received, 2435 bps, 30.44%, Err 299 (1.0e-04)
648.508 .... 770 packets received, 2436 bps, 30.46%, Err 301 (1.0e-04)
651.471 .... 771 packets received, 2428 bps, 30.36%, Err 303 (1.0e-04)
654.498 .... 772 packets received, 2420 bps, 30.25%, Err 304 (1.0e-04)
657.506 .... 773 packets received, 2412 bps, 30.15%, Err 304 (1.0e-04)
662.218 .... 780 packets received, 2417 bps, 30.21%, Err 306 (1.0e-04)
666.344 .... 785 packets received, 2417 bps, 30.22%, Err 307 (1.0e-04)
670.448 .... 791 packets received, 2421 bps, 30.26%, Err 308 (9.9e-05)
673.743 .... 793 packets received, 2415 bps, 30.19%, Err 312 (1.0e-04)
679.501 .... 794 packets received, 2398 bps, 29.97%, Err 313 (1.0e-04)
683.620 .... 800 packets received, 2401 bps, 30.01%, Err 315 (1.0e-04)
686.959 .... 802 packets received, 2395 bps, 29.94%, Err 317 (1.0e-04)
690.568 .... 805 packets received, 2392 bps, 29.90%, Err 318 (1.0e-04)
694.688 .... 809 packets received, 2389 bps, 29.87%, Err 319 (1.0e-04)
696.879 .... 817 packets received, 2405 bps, 30.07%, Err 319 (9.9e-05)
701.339 .... 822 packets received, 2405 bps, 30.06%, Err 324 (1.0e-04)
708.002 .... 828 packets received, 2399 bps, 29.99%, Err 327 (1.0e-04)
715.104 .... 836 packets received, 2398 bps, 29.98%, Err 331 (1.0e-04)
717.330 .... 844 packets received, 2414 bps, 30.17%, Err 331 (1.0e-04)
719.515 .... 848 packets received, 2418 bps, 30.22%, Err 331 (1.0e-04)
722.539 .... 850 packets received, 2413 bps, 30.17%, Err 334 (1.0e-04)
728.021 .... 851 packets received, 2398 bps, 29.98%, Err 336 (1.0e-04)
731.580 .... 853 packets received, 2392 bps, 29.90%, Err 338 (1.0e-04)
735.178 .... 857 packets received, 2391 bps, 29.89%, Err 339 (1.0e-04)
739.500 .... 862 packets received, 2391 bps, 29.89%, Err 343 (1.0e-04)
744.749 .... 863 packets received, 2377 bps, 29.72%, Err 346 (1.0e-04)
748.857 .... 869 packets received, 2381 bps, 29.76%, Err 347 (1.0e-04)
751.962 .... 871 packets received, 2376 bps, 29.70%, Err 349 (1.0e-04)
759.140 .... 877 packets received, 2370 bps, 29.62%, Err 353 (1.0e-04)
761.218 .... 884 packets received, 2382 bps, 29.78%, Err 353 (1.0e-04)
765.602 .... 891 packets received, 2387 bps, 29.84%, Err 356 (1.0e-04)
768.596 .... 892 packets received, 2381 bps, 29.76%, Err 356 (1.0e-04)
773.022 .... 899 packets received, 2386 bps, 29.82%, Err 359 (1.0e-04)
775.867 .... 905 packets received, 2393 bps, 29.91%, Err 359 (1.0e-04)
784.957 .... 906 packets received, 2368 bps, 29.60%, Err 364 (1.0e-04)
788.788 .... 909 packets received, 2364 bps, 29.55%, Err 365 (1.0e-04)
790.912 .... 916 packets received, 2376 bps, 29.70%, Err 365 (1.0e-04)
793.096 .... 922 packets received, 2385 bps, 29.81%, Err 366 (1.0e-04)
795.175 .... 928 packets received, 2394 bps, 29.92%, Err 366 (1.0e-04)
804.557 .... 932 packets received, 2376 bps, 29.70%, Err 372 (1.0e-04)
808.929 .... 939 packets received, 2381 bps, 29.76%, Err 373 (1.0e-04)
812.541 .... 943 packets received, 2381 bps, 29.76%, Err 374 (1.0e-04)
815.220 .... 950 packets received, 2390 bps, 29.88%, Err 374 (1.0e-04)
819.343 .... 956 packets received, 2393 bps, 29.92%, Err 380 (1.0e-04)
824.869 .... 957 packets received, 2380 bps, 29.75%, Err 382 (1.0e-04)
828.720 .... 961 packets received, 2379 bps, 29.73%, Err 383 (1.0e-04)
831.730 .... 963 packets received, 2375 bps, 29.69%, Err 384 (1.0e-04)
833.920 .... 971 packets received, 2388 bps, 29.85%, Err 384 (1.0e-04)
837.846 .... 976 packets received, 2389 bps, 29.87%, Err 387 (1.0e-04)
841.443 .... 978 packets received, 2384 bps, 29.80%, Err 389 (1.0e-04)
844.431 .... 979 packets received, 2378 bps, 29.72%, Err 389 (1.0e-04)
848.007 .... 982 packets received, 2375 bps, 29.69%, Err 391 (1.0e-04)
851.855 .... 987 packets received, 2376 bps, 29.71%, Err 392 (1.0e-04)
855.394 .... 991 packets received, 2376 bps, 29.70%, Err 394 (1.0e-04)
858.447 .... 992 packets received, 2370 bps, 29.63%, Err 395 (1.0e-04)
862.798 .... 999 packets received, 2375 bps, 29.68%, Err 398 (1.0e-04)
865.790 .... 1000 packets received, 2369 bps, 29.61%, Err 400 (1.0e-04)
867.980 .... 1006 packets received, 2377 bps, 29.71%, Err 400 (1.0e-04)
874.479 .... 1011 packets received, 2371 bps, 29.64%, Err 402 (1.0e-04)
878.097 .... 1015 packets received, 2371 bps, 29.63%, Err 405 (1.0e-04)
881.037 .... 1016 packets received, 2365 bps, 29.56%, Err 405 (1.0e-04)
884.621 .... 1019 packets received, 2362 bps, 29.53%, Err 408 (1.0e-04)
887.681 .... 1020 packets received, 2357 bps, 29.46%, Err 409 (1.0e-04)
892.069 .... 1027 packets received, 2361 bps, 29.51%, Err 411 (1.0e-04)
895.392 .... 1029 packets received, 2357 bps, 29.46%, Err 413 (1.0e-04)
898.428 .... 1030 packets received, 2351 bps, 29.39%, Err 415 (1.0e-04)
905.389 .... 1037 packets received, 2349 bps, 29.36%, Err 418 (1.0e-04)
908.959 .... 1039 packets received, 2344 bps, 29.30%, Err 420 (1.0e-04)
911.068 .... 1047 packets received, 2357 bps, 29.46%, Err 420 (1.0e-04)
914.960 .... 1049 packets received, 2351 bps, 29.39%, Err 423 (1.0e-04)
917.971 .... 1050 packets received, 2346 bps, 29.32%, Err 423 (1.0e-04)
920.098 .... 1055 packets received, 2351 bps, 29.39%, Err 423 (1.0e-04)
922.289 .... 1063 packets received, 2364 bps, 29.55%, Err 423 (1.0e-04)
928.168 .... 1066 packets received, 2355 bps, 29.44%, Err 426 (1.0e-04)
931.150 .... 1067 packets received, 2350 bps, 29.37%, Err 427 (1.0e-04)
934.411 .... 1069 packets received, 2346 bps, 29.33%, Err 429 (1.0e-04)
936.705 .... 1077 packets received, 2358 bps, 29.47%, Err 430 (1.0e-04)
939.446 .... 1078 packets received, 2353 bps, 29.42%, Err 430 (1.0e-04)
942.188 .... 1085 packets received, 2362 bps, 29.52%, Err 432 (1.0e-04)
944.980 .... 1086 packets received, 2357 bps, 29.46%, Err 433 (1.0e-04)
948.021 .... 1087 packets received, 2351 bps, 29.39%, Err 435 (1.0e-04)
954.325 .... 1092 packets received, 2347 bps, 29.33%, Err 438 (1.0e-04)
956.778 .... 1100 packets received, 2358 bps, 29.47%, Err 440 (1.0e-04)
961.283 .... 1105 packets received, 2357 bps, 29.47%, Err 442 (1.0e-04)
964.826 .... 1109 packets received, 2357 bps, 29.46%, Err 443 (1.0e-04)
969.112 .... 1113 packets received, 2355 bps, 29.44%, Err 444 (1.0e-04)
971.363 .... 1120 packets received, 2364 bps, 29.56%, Err 444 (9.9e-05)
974.723 .... 1123 packets received, 2363 bps, 29.53%, Err 447 (1.0e-04)
977.734 .... 1124 packets received, 2357 bps, 29.47%, Err 447 (1.0e-04)
982.221 .... 1129 packets received, 2357 bps, 29.46%, Err 449 (1.0e-04)
985.826 .... 1131 packets received, 2353 bps, 29.41%, Err 452 (1.0e-04)
988.296 .... 1138 packets received, 2361 bps, 29.52%, Err 452 (1.0e-04)
996.806 .... 1142 packets received, 2349 bps, 29.37%, Err 459 (1.0e-04)
998.860 .... 1150 packets received, 2361 bps, 29.51%, Err 460 (1.0e-04)
1000.904 .... 1155 packets received, 2366 bps, 29.58%, Err 460 (1.0e-04)
1004.021 .... 1157 packets received, 2363 bps, 29.54%, Err 462 (1.0e-04)
1007.835 .... 1162 packets received, 2364 bps, 29.55%, Err 465 (1.0e-04)
1012.478 .... 1170 packets received, 2370 bps, 29.62%, Err 467 (1.0e-04)
1018.743 .... 1175 packets received, 2365 bps, 29.56%, Err 469 (1.0e-04)
1022.684 .... 1180 packets received, 2366 bps, 29.57%, Err 470 (1.0e-04)
1024.817 .... 1187 packets received, 2375 bps, 29.69%, Err 470 (1.0e-04)
1029.251 .... 1192 packets received, 2375 bps, 29.68%, Err 474 (1.0e-04)
1031.737 .... 1197 packets received, 2379 bps, 29.74%, Err 474 (1.0e-04)
1034.792 .... 1198 packets received, 2374 bps, 29.67%, Err 476 (1.0e-04)
1037.841 .... 1199 packets received, 2369 bps, 29.61%, Err 476 (1.0e-04)
1041.385 .... 1203 packets received, 2369 bps, 29.61%, Err 479 (1.0e-04)
1044.396 .... 1204 packets received, 2364 bps, 29.55%, Err 479 (1.0e-04)
1053.482 .... 1210 packets received, 2355 bps, 29.44%, Err 485 (1.0e-04)
1055.618 .... 1218 packets received, 2366 bps, 29.57%, Err 485 (1.0e-04)
1058.678 ** WARNING: System too busy, sleep 15 ms, but be awakened 85 ms later
1060.624 .... 1226 packets received, 2370 bps, 29.63%, Err 487 (1.0e-04)
1062.134 ** WARNING: System too busy, sleep 15 ms, but be awakened 85 ms later
1062.906 .... 1227 packets received, 2367 bps, 29.59%, Err 489 (1.0e-04)
1065.127 ** WARNING: System too busy, sleep 15 ms, but be awakened 73 ms later
1065.925 .... 1228 packets received, 2362 bps, 29.53%, Err 490 (1.0e-04)
1071.937 .... 1230 packets received, 2353 bps, 29.41%, Err 492 (1.0e-04)
1075.513 .... 1234 packets received, 2353 bps, 29.41%, Err 494 (1.0e-04)
1079.800 ** WARNING: System too busy, sleep 15 ms, but be awakened 72 ms later
1081.148 ** WARNING: System too busy, sleep 15 ms, but be awakened 99 ms later
1081.582 .... 1235 packets received, 2341 bps, 29.27%, Err 496 (1.0e-04)
1083.066 ** WARNING: System too busy, sleep 15 ms, but be awakened 75 ms later
1084.091 .... 1240 packets received, 2345 bps, 29.32%, Err 496 (1.0e-04)
1085.075 ** WARNING: System too busy, sleep 15 ms, but be awakened 109 ms later
1087.194 ** WARNING: System too busy, sleep 15 ms, but be awakened 85 ms later
1089.075 ** WARNING: System too busy, sleep 15 ms, but be awakened 68 ms later
1091.221 .... 1242 packets received, 2334 bps, 29.17%, Err 500 (1.0e-04)
1091.795 ** WARNING: System too busy, sleep 15 ms, but be awakened 67 ms later
1094.038 ** WARNING: System too busy, sleep 15 ms, but be awakened 114 ms later
1096.002 ** WARNING: System too busy, sleep 15 ms, but be awakened 163 ms later
1097.497 .... 1244 packets received, 2324 bps, 29.05%, Err 503 (1.0e-04)
1099.663 .... 1250 packets received, 2331 bps, 29.13%, Err 504 (1.0e-04)
1102.756 .... 1252 packets received, 2328 bps, 29.10%, Err 506 (1.0e-04)
1104.817 ** WARNING: System too busy, sleep 15 ms, but be awakened 82 ms later
1106.274 .... 1254 packets received, 2324 bps, 29.05%, Err 508 (1.0e-04)
1106.670 ** WARNING: System too busy, sleep 15 ms, but be awakened 66 ms later
1108.541 .... 1262 packets received, 2334 bps, 29.18%, Err 509 (1.0e-04)
1110.859 ** WARNING: System too busy, sleep 15 ms, but be awakened 113 ms later
1113.233 ** WARNING: System too busy, sleep 15 ms, but be awakened 76 ms later
1115.609 .... 1270 packets received, 2334 bps, 29.18%, Err 513 (1.0e-04)
1118.666 .... 1271 packets received, 2330 bps, 29.12%, Err 513 (1.0e-04)
1121.722 ** WARNING: System too busy, sleep 15 ms, but be awakened 71 ms later
1123.407 .... 1279 packets received, 2334 bps, 29.18%, Err 515 (1.0e-04)
1125.326 ** WARNING: System too busy, sleep 15 ms, but be awakened 81 ms later
1126.398 .... 1280 packets received, 2330 bps, 29.12%, Err 515 (1.0e-04)
1132.442 .... 1282 packets received, 2321 bps, 29.01%, Err 520 (1.0e-04)
1132.956 ** WARNING: System too busy, sleep 15 ms, but be awakened 67 ms later
1135.405 .... 1283 packets received, 2317 bps, 28.96%, Err 521 (1.0e-04)
1138.514 .... 1284 packets received, 2312 bps, 28.90%, Err 521 (1.0e-04)
1139.103 ** WARNING: System too busy, sleep 15 ms, but be awakened 72 ms later
1140.649 .... 1290 packets received, 2319 bps, 28.98%, Err 521 (1.0e-04)
1141.746 ** WARNING: System too busy, sleep 15 ms, but be awakened 73 ms later
1143.077 ** WARNING: System too busy, sleep 15 ms, but be awakened 71 ms later
1150.386 .... 1298 packets received, 2313 bps, 28.92%, Err 527 (1.0e-04)
1153.933 .... 1301 packets received, 2312 bps, 28.89%, Err 529 (1.0e-04)
1158.662 .... 1309 packets received, 2316 bps, 28.95%, Err 531 (1.0e-04)
1159.565 ** WARNING: System too busy, sleep 15 ms, but be awakened 75 ms later
1161.676 .... 1310 packets received, 2312 bps, 28.90%, Err 531 (1.0e-04)
1163.888 .... 1318 packets received, 2322 bps, 29.02%, Err 533 (1.0e-04)
1170.566 .... 1324 packets received, 2319 bps, 28.99%, Err 537 (1.0e-04)
1172.092 ** WARNING: System too busy, sleep 15 ms, but be awakened 94 ms later
1173.572 .... 1325 packets received, 2315 bps, 28.93%, Err 538 (1.0e-04)
1176.414 ** WARNING: System too busy, sleep 15 ms, but be awakened 68 ms later
1177.176 .... 1326 packets received, 2309 bps, 28.87%, Err 539 (1.0e-04)
1179.421 .... 1333 packets received, 2317 bps, 28.96%, Err 540 (1.0e-04)
1181.399 ** WARNING: System too busy, sleep 15 ms, but be awakened 69 ms later
1182.470 .... 1335 packets received, 2315 bps, 28.93%, Err 541 (1.0e-04)
1183.387 ** WARNING: System too busy, sleep 15 ms, but be awakened 71 ms later
1184.535 .... 1340 packets received, 2319 bps, 28.99%, Err 541 (1.0e-04)
1186.148 ** WARNING: System too busy, sleep 15 ms, but be awakened 66 ms later
1186.557 .... 1343 packets received, 2320 bps, 29.01%, Err 542 (1.0e-04)
1188.448 ** WARNING: System too busy, sleep 15 ms, but be awakened 70 ms later
1188.849 .... 1347 packets received, 2323 bps, 29.04%, Err 542 (1.0e-04)
1190.900 ** WARNING: System too busy, sleep 15 ms, but be awakened 71 ms later
1193.007 ** WARNING: System too busy, sleep 15 ms, but be awakened 66 ms later
1195.130 ** WARNING: System too busy, sleep 15 ms, but be awakened 69 ms later
1195.559 .... 1350 packets received, 2315 bps, 28.94%, Err 544 (1.0e-04)
1197.221 ** WARNING: System too busy, sleep 15 ms, but be awakened 79 ms later
1200.960 .... 1355 packets received, 2313 bps, 28.91%, Err 547 (1.0e-04)
1205.631 .... 1362 packets received, 2316 bps, 28.95%, Err 552 (1.0e-04)
1211.104 .... 1363 packets received, 2307 bps, 28.84%, Err 556 (1.0e-04)
1213.106 .... 1368 packets received, 2312 bps, 28.90%, Err 557 (1.0e-04)
1215.916 .... 1369 packets received, 2308 bps, 28.85%, Err 559 (1.0e-04)
1220.274 .... 1376 packets received, 2312 bps, 28.90%, Err 561 (1.0e-04)
1223.919 .... 1379 packets received, 2310 bps, 28.87%, Err 563 (1.0e-04)
1225.711 ** WARNING: System too busy, sleep 15 ms, but be awakened 168 ms later
1226.148 .... 1386 packets received, 2317 bps, 28.97%, Err 564 (1.0e-04)
1230.752 .... 1392 packets received, 2319 bps, 28.98%, Err 565 (1.0e-04)
1232.849 .... 1399 packets received, 2326 bps, 29.08%, Err 565 (1.0e-04)
1234.993 .... 1407 packets received, 2336 bps, 29.20%, Err 565 (1.0e-04)
1240.898 .... 1408 packets received, 2326 bps, 29.08%, Err 568 (1.0e-04)
1245.277 .... 1415 packets received, 2329 bps, 29.12%, Err 569 (1.0e-04)
1249.270 .... 1420 packets received, 2330 bps, 29.13%, Err 572 (1.0e-04)
1251.293 .... 1426 packets received, 2336 bps, 29.20%, Err 572 (1.0e-04)
1257.418 .... 1430 packets received, 2331 bps, 29.14%, Err 575 (1.0e-04)
1259.535 .... 1438 packets received, 2341 bps, 29.26%, Err 575 (1.0e-04)
1264.253 .... 1443 packets received, 2340 bps, 29.25%, Err 577 (1.0e-04)
1267.264 .... 1444 packets received, 2336 bps, 29.20%, Err 579 (1.0e-04)
1270.323 .... 1445 packets received, 2332 bps, 29.15%, Err 581 (1.0e-04)
1272.078 ** WARNING: System too busy, sleep 15 ms, but be awakened 90 ms later
1273.898 .... 1449 packets received, 2332 bps, 29.15%, Err 582 (1.0e-04)
1277.390 .... 1451 packets received, 2329 bps, 29.11%, Err 586 (1.0e-04)
1279.180 ** WARNING: System too busy, sleep 15 ms, but be awakened 73 ms later
1280.443 .... 1452 packets received, 2325 bps, 29.06%, Err 589 (1.0e-04)
1285.129 .... 1460 packets received, 2329 bps, 29.11%, Err 590 (1.0e-04)
1289.302 .... 1465 packets received, 2329 bps, 29.12%, Err 592 (1.0e-04)
1292.041 .... 1473 packets received, 2337 bps, 29.21%, Err 594 (1.0e-04)
1297.283 .... 1474 packets received, 2329 bps, 29.12%, Err 597 (1.0e-04)
1300.877 .... 1476 packets received, 2326 bps, 29.07%, Err 599 (1.0e-04)
1305.559 .... 1484 packets received, 2330 bps, 29.13%, Err 600 (1.0e-04)
1307.773 .... 1492 packets received, 2339 bps, 29.23%, Err 600 (1.0e-04)
1309.898 .... 1500 packets received, 2347 bps, 29.34%, Err 601 (1.0e-04)
1316.020 .... 1504 packets received, 2343 bps, 29.28%, Err 603 (1.0e-04)
1321.263 .... 1510 packets received, 2343 bps, 29.28%, Err 606 (1.0e-04)
1323.379 .... 1515 packets received, 2347 bps, 29.33%, Err 607 (1.0e-04)
1327.232 .... 1520 packets received, 2348 bps, 29.35%, Err 610 (1.0e-04)
1330.756 .... 1522 packets received, 2345 bps, 29.31%, Err 612 (1.0e-04)
1333.813 .... 1523 packets received, 2341 bps, 29.26%, Err 612 (1.0e-04)
1335.917 .... 1531 packets received, 2349 bps, 29.37%, Err 612 (1.0e-04)
1340.158 .... 1537 packets received, 2351 bps, 29.39%, Err 615 (1.0e-04)
1346.266 .... 1541 packets received, 2346 bps, 29.33%, Err 618 (1.0e-04)
1349.326 .... 1542 packets received, 2343 bps, 29.28%, Err 619 (1.0e-04)
1353.171 .... 1547 packets received, 2344 bps, 29.29%, Err 620 (1.0e-04)
1356.662 .... 1550 packets received, 2342 bps, 29.28%, Err 622 (1.0e-04)
1362.222 .... 1552 packets received, 2335 bps, 29.19%, Err 624 (1.0e-04)
1368.864 .... 1558 packets received, 2333 bps, 29.16%, Err 626 (1.0e-04)
1370.998 .... 1566 packets received, 2341 bps, 29.27%, Err 626 (1.0e-04)
1374.667 .... 1570 packets received, 2341 bps, 29.26%, Err 628 (1.0e-04)
1378.210 .... 1572 packets received, 2338 bps, 29.23%, Err 631 (1.0e-04)
1381.210 .... 1573 packets received, 2335 bps, 29.18%, Err 633 (1.0e-04)
1384.814 .... 1576 packets received, 2333 bps, 29.16%, Err 634 (1.0e-04)
1388.295 .... 1578 packets received, 2330 bps, 29.12%, Err 636 (1.0e-04)
1390.527 .... 1586 packets received, 2338 bps, 29.23%, Err 636 (1.0e-04)
1393.828 .... 1589 packets received, 2337 bps, 29.21%, Err 641 (1.0e-04)
1401.833 .... 1590 packets received, 2325 bps, 29.06%, Err 647 (1.0e-04)
1406.475 .... 1596 packets received, 2326 bps, 29.08%, Err 649 (1.0e-04)
1410.295 .... 1599 packets received, 2324 bps, 29.05%, Err 651 (1.0e-04)
1415.833 .... 1600 packets received, 2316 bps, 28.96%, Err 653 (1.0e-04)
1417.934 .... 1608 packets received, 2325 bps, 29.06%, Err 653 (1.0e-04)
1421.643 .... 1610 packets received, 2321 bps, 29.02%, Err 654 (1.0e-04)
1423.770 .... 1616 packets received, 2327 bps, 29.08%, Err 654 (1.0e-04)
1425.793 .... 1623 packets received, 2333 bps, 29.17%, Err 654 (1.0e-04)
1427.925 .... 1629 packets received, 2338 bps, 29.23%, Err 654 (1.0e-04)
1431.013 .... 1631 packets received, 2336 bps, 29.20%, Err 656 (1.0e-04)
1433.703 .... 1639 packets received, 2343 bps, 29.29%, Err 656 (1.0e-04)
1438.717 .... 1640 packets received, 2337 bps, 29.21%, Err 660 (1.0e-04)
1440.819 .... 1646 packets received, 2342 bps, 29.27%, Err 661 (1.0e-04)
1443.923 .... 1648 packets received, 2339 bps, 29.24%, Err 663 (1.0e-04)
1447.503 .... 1652 packets received, 2339 bps, 29.24%, Err 664 (1.0e-04)
1449.594 .... 1657 packets received, 2343 bps, 29.29%, Err 665 (1.0e-04)
1452.371 .... 1658 packets received, 2340 bps, 29.25%, Err 666 (1.0e-04)
1456.014 .... 1661 packets received, 2338 bps, 29.23%, Err 667 (1.0e-04)
1460.731 .... 1667 packets received, 2339 bps, 29.24%, Err 670 (1.0e-04)
1464.821 .... 1673 packets received, 2341 bps, 29.26%, Err 672 (1.0e-04)
1467.911 .... 1674 packets received, 2338 bps, 29.22%, Err 672 (1.0e-04)
1471.468 .... 1676 packets received, 2335 bps, 29.18%, Err 676 (1.0e-04)
1475.024 .... 1678 packets received, 2332 bps, 29.15%, Err 678 (1.0e-04)
1477.190 .... 1686 packets received, 2339 bps, 29.24%, Err 679 (1.0e-04)
1480.805 .... 1690 packets received, 2339 bps, 29.24%, Err 680 (1.0e-04)
1484.424 .... 1693 packets received, 2338 bps, 29.22%, Err 682 (1.0e-04)
1487.411 .... 1694 packets received, 2334 bps, 29.18%, Err 684 (1.0e-04)
1491.268 .... 1699 packets received, 2335 bps, 29.19%, Err 686 (1.0e-04)
1494.819 .... 1701 packets received, 2332 bps, 29.16%, Err 687 (1.0e-04)
1496.919 .... 1709 packets received, 2340 bps, 29.25%, Err 687 (1.0e-04)
1500.309 .... 1712 packets received, 2339 bps, 29.24%, Err 688 (1.0e-04)
1503.846 .... 1715 packets received, 2338 bps, 29.22%, Err 690 (1.0e-04)
1508.570 .... 1723 packets received, 2341 bps, 29.26%, Err 692 (1.0e-04)
1515.432 .... 1729 packets received, 2339 bps, 29.23%, Err 696 (1.0e-04)
1519.909 .... 1736 packets received, 2341 bps, 29.26%, Err 699 (1.0e-04)
1524.295 .... 1742 packets received, 2342 bps, 29.28%, Err 700 (1.0e-04)
1528.490 .... 1748 packets received, 2344 bps, 29.30%, Err 703 (1.0e-04)
1532.883 .... 1755 packets received, 2347 bps, 29.33%, Err 706 (1.0e-04)
1536.943 .... 1758 packets received, 2344 bps, 29.31%, Err 709 (1.0e-04)
1539.046 .... 1766 packets received, 2352 bps, 29.40%, Err 709 (1.0e-04)
1543.322 .... 1770 packets received, 2351 bps, 29.38%, Err 710 (1.0e-04)
1545.850 .... 1778 packets received, 2357 bps, 29.47%, Err 711 (1.0e-04)
1549.958 .... 1782 packets received, 2357 bps, 29.46%, Err 712 (1.0e-04)
1556.050 .... 1785 packets received, 2351 bps, 29.39%, Err 715 (1.0e-04)
1560.140 .... 1788 packets received, 2349 bps, 29.36%, Err 716 (1.0e-04)
1563.689 .... 1792 packets received, 2349 bps, 29.36%, Err 719 (1.0e-04)
1566.692 .... 1793 packets received, 2346 bps, 29.32%, Err 719 (1.0e-04)
1568.862 .... 1801 packets received, 2353 bps, 29.41%, Err 719 (1.0e-04)
1570.944 .... 1806 packets received, 2356 bps, 29.45%, Err 719 (1.0e-04)
1574.257 .... 1809 packets received, 2355 bps, 29.44%, Err 721 (1.0e-04)
1577.861 .... 1812 packets received, 2354 bps, 29.42%, Err 723 (1.0e-04)
1580.926 .... 1813 packets received, 2351 bps, 29.38%, Err 724 (1.0e-04)
1583.919 .... 1814 packets received, 2347 bps, 29.34%, Err 724 (1.0e-04)
1589.989 .... 1818 packets received, 2344 bps, 29.29%, Err 728 (1.0e-04)
1593.520 .... 1821 packets received, 2342 bps, 29.28%, Err 730 (1.0e-04)
1596.559 .... 1822 packets received, 2339 bps, 29.24%, Err 733 (1.0e-04)
1600.082 .... 1824 packets received, 2336 bps, 29.21%, Err 734 (1.0e-04)
1604.525 .... 1831 packets received, 2339 bps, 29.24%, Err 737 (1.0e-04)
1606.770 .... 1839 packets received, 2346 bps, 29.32%, Err 737 (1.0e-04)
1610.084 .... 1842 packets received, 2345 bps, 29.31%, Err 738 (1.0e-04)
1617.044 .... 1848 packets received, 2342 bps, 29.28%, Err 741 (1.0e-04)
1621.162 .... 1854 packets received, 2344 bps, 29.30%, Err 743 (1.0e-04)
1624.140 .... 1855 packets received, 2341 bps, 29.26%, Err 745 (1.0e-04)
1630.164 .... 1857 packets received, 2335 bps, 29.18%, Err 750 (1.0e-04)
1632.326 .... 1865 packets received, 2342 bps, 29.27%, Err 750 (1.0e-04)
1638.469 .... 1869 packets received, 2338 bps, 29.22%, Err 754 (1.0e-04)
1642.018 .... 1871 packets received, 2335 bps, 29.19%, Err 757 (1.0e-04)
1645.036 .... 1872 packets received, 2332 bps, 29.15%, Err 758 (1.0e-04)
1648.851 .... 1877 packets received, 2333 bps, 29.16%, Err 759 (1.0e-04)
1651.008 .... 1885 packets received, 2340 bps, 29.25%, Err 759 (1.0e-04)
1654.884 .... 1888 packets received, 2338 bps, 29.23%, Err 761 (1.0e-04)
1657.632 .... 1889 packets received, 2336 bps, 29.20%, Err 762 (1.0e-04)
1659.925 .... 1897 packets received, 2342 bps, 29.28%, Err 763 (1.0e-04)
1663.209 .... 1900 packets received, 2341 bps, 29.27%, Err 764 (1.0e-04)
1665.381 .... 1908 packets received, 2348 bps, 29.35%, Err 764 (1.0e-04)
1668.395 .... 1910 packets received, 2346 bps, 29.33%, Err 766 (1.0e-04)
1671.394 .... 1911 packets received, 2343 bps, 29.29%, Err 768 (1.0e-04)
1674.222 .... 1917 packets received, 2347 bps, 29.33%, Err 769 (1.0e-04)
1676.653 .... 1923 packets received, 2351 bps, 29.38%, Err 769 (1.0e-04)
1679.783 .... 1925 packets received, 2349 bps, 29.36%, Err 770 (1.0e-04)
1683.303 .... 1927 packets received, 2346 bps, 29.33%, Err 771 (1.0e-04)
1686.880 .... 1930 packets received, 2345 bps, 29.31%, Err 772 (1.0e-04)
1688.955 .... 1938 packets received, 2352 bps, 29.40%, Err 772 (1.0e-04)
1693.226 .... 1942 packets received, 2351 bps, 29.38%, Err 775 (1.0e-04)
1695.365 .... 1948 packets received, 2355 bps, 29.44%, Err 775 (1.0e-04)
1698.389 .... 1956 packets received, 2360 bps, 29.50%, Err 775 (9.9e-05)
1702.200 .... 1961 packets received, 2361 bps, 29.51%, Err 777 (9.9e-05)
1710.707 .... 1963 packets received, 2352 bps, 29.40%, Err 782 (1.0e-04)
1714.284 .... 1967 packets received, 2352 bps, 29.40%, Err 785 (1.0e-04)
1716.432 .... 1974 packets received, 2357 bps, 29.46%, Err 785 (1.0e-04)
1723.038 .... 1979 packets received, 2354 bps, 29.42%, Err 790 (1.0e-04)
1727.465 .... 1986 packets received, 2356 bps, 29.45%, Err 792 (1.0e-04)
1731.030 .... 1988 packets received, 2354 bps, 29.42%, Err 793 (1.0e-04)
1735.652 .... 1993 packets received, 2353 bps, 29.42%, Err 796 (1.0e-04)
1737.876 .... 2001 packets received, 2360 bps, 29.50%, Err 797 (1.0e-04)
1740.645 .... 2002 packets received, 2357 bps, 29.47%, Err 798 (1.0e-04)
1743.653 .... 2003 packets received, 2354 bps, 29.43%, Err 800 (1.0e-04)
1748.387 .... 2011 packets received, 2357 bps, 29.47%, Err 803 (1.0e-04)
1751.387 .... 2012 packets received, 2354 bps, 29.43%, Err 803 (1.0e-04)
1754.979 .... 2015 packets received, 2353 bps, 29.41%, Err 805 (1.0e-04)
1757.090 .... 2023 packets received, 2360 bps, 29.50%, Err 805 (1.0e-04)
1761.400 .... 2027 packets received, 2359 bps, 29.48%, Err 807 (1.0e-04)
1765.801 .... 2034 packets received, 2361 bps, 29.51%, Err 808 (1.0e-04)
1772.452 .... 2039 packets received, 2358 bps, 29.47%, Err 810 (1.0e-04)
1774.594 .... 2045 packets received, 2362 bps, 29.52%, Err 810 (9.9e-05)
1777.920 .... 2048 packets received, 2361 bps, 29.51%, Err 812 (9.9e-05)
1781.777 .... 2051 packets received, 2359 bps, 29.49%, Err 815 (1.0e-04)
1783.965 .... 2059 packets received, 2365 bps, 29.57%, Err 816 (1.0e-04)
1789.727 .... 2061 packets received, 2360 bps, 29.50%, Err 821 (1.0e-04)
1792.477 .... 2062 packets received, 2358 bps, 29.47%, Err 821 (1.0e-04)
1794.646 .... 2070 packets received, 2364 bps, 29.55%, Err 822 (1.0e-04)
1796.926 .... 2076 packets received, 2368 bps, 29.60%, Err 822 (1.0e-04)
1802.691 .... 2077 packets received, 2361 bps, 29.52%, Err 825 (1.0e-04)
1806.301 .... 2079 packets received, 2359 bps, 29.49%, Err 826 (1.0e-04)
1810.298 .... 2082 packets received, 2357 bps, 29.46%, Err 828 (1.0e-04)
1814.139 .... 2085 packets received, 2355 bps, 29.44%, Err 831 (1.0e-04)
1818.571 .... 2092 packets received, 2358 bps, 29.47%, Err 832 (1.0e-04)
1825.172 .... 2097 packets received, 2355 bps, 29.43%, Err 836 (1.0e-04)
1831.208 .... 2099 packets received, 2349 bps, 29.36%, Err 840 (1.0e-04)
1835.414 .... 2105 packets received, 2350 bps, 29.38%, Err 845 (1.0e-04)
1838.913 .... 2107 packets received, 2348 bps, 29.35%, Err 846 (1.0e-04)
1843.345 .... 2114 packets received, 2350 bps, 29.38%, Err 847 (1.0e-04)
1845.428 .... 2122 packets received, 2357 bps, 29.46%, Err 847 (1.0e-04)
1850.167 .... 2128 packets received, 2357 bps, 29.46%, Err 849 (1.0e-04)
1854.075 .... 2133 packets received, 2358 bps, 29.47%, Err 851 (1.0e-04)
1857.664 .... 2136 packets received, 2356 bps, 29.46%, Err 853 (1.0e-04)
1859.848 .... 2142 packets received, 2360 bps, 29.50%, Err 853 (1.0e-04)
1862.907 .... 2144 packets received, 2359 bps, 29.48%, Err 856 (1.0e-04)
1866.470 .... 2146 packets received, 2356 bps, 29.45%, Err 857 (1.0e-04)
1870.334 .... 2151 packets received, 2357 bps, 29.46%, Err 858 (1.0e-04)
1872.857 .... 2157 packets received, 2360 bps, 29.50%, Err 858 (1.0e-04)
1877.508 .... 2163 packets received, 2361 bps, 29.51%, Err 859 (1.0e-04)
1883.490 .... 2165 packets received, 2356 bps, 29.45%, Err 863 (1.0e-04)
1886.240 .... 2166 packets received, 2353 bps, 29.42%, Err 865 (1.0e-04)
1998.426 ** WARNING: System too busy, sleep 15 ms, but be awakened 111324 ms later
2005.252 .... 2170 packets received, 2218 bps, 27.72%, Err 866 (1.0e-04)
2009.603 .... 2171 packets received, 2214 bps, 27.67%, Err 866 (1.0e-04)
2011.017 ** WARNING: System too busy, sleep 15 ms, but be awakened 212 ms later
2012.127 .... 2172 packets received, 2212 bps, 27.65%, Err 869 (1.0e-04)
2014.170 .... 2177 packets received, 2215 bps, 27.69%, Err 873 (1.0e-04)
2018.080 .... 2179 packets received, 2213 bps, 27.66%, Err 875 (1.0e-04)
2020.268 .... 2184 packets received, 2215 bps, 27.69%, Err 875 (1.0e-04)
2026.342 .... 2188 packets received, 2213 bps, 27.66%, Err 880 (1.0e-04)
2031.025 .... 2196 packets received, 2216 bps, 27.70%, Err 883 (1.0e-04)
2033.242 .... 2204 packets received, 2221 bps, 27.77%, Err 883 (1.0e-04)
2035.458 .... 2212 packets received, 2227 bps, 27.84%, Err 883 (1.0e-04)
2039.609 .... 2216 packets received, 2226 bps, 27.83%, Err 886 (1.0e-04)
2043.228 .... 2220 packets received, 2227 bps, 27.83%, Err 887 (1.0e-04)
2046.785 .... 2223 packets received, 2226 bps, 27.82%, Err 889 (1.0e-04)
2049.280 .... 2230 packets received, 2230 bps, 27.87%, Err 889 (1.0e-04)
2052.583 .... 2233 packets received, 2229 bps, 27.87%, Err 890 (1.0e-04)
2061.133 .... 2237 packets received, 2224 bps, 27.80%, Err 897 (1.0e-04)
2063.368 .... 2245 packets received, 2230 bps, 27.87%, Err 898 (1.0e-04)
2065.773 .... 2251 packets received, 2233 bps, 27.91%, Err 898 (1.0e-04)
2072.459 .... 2257 packets received, 2232 bps, 27.90%, Err 902 (1.0e-04)
2074.632 .... 2265 packets received, 2237 bps, 27.97%, Err 904 (1.0e-04)
2078.240 .... 2269 packets received, 2237 bps, 27.97%, Err 905 (1.0e-04)
2080.319 .... 2277 packets received, 2243 bps, 28.04%, Err 907 (1.0e-04)
2082.336 .... 2281 packets received, 2245 bps, 28.06%, Err 907 (1.0e-04)
2084.574 .... 2286 packets received, 2247 bps, 28.09%, Err 907 (1.0e-04)
2087.908 .... 2289 packets received, 2247 bps, 28.08%, Err 909 (1.0e-04)
2093.453 .... 2290 packets received, 2242 bps, 28.02%, Err 913 (1.0e-04)
2096.480 .... 2291 packets received, 2239 bps, 27.99%, Err 914 (1.0e-04)
2099.477 .... 2292 packets received, 2237 bps, 27.96%, Err 915 (1.0e-04)
2107.458 .... 2293 packets received, 2230 bps, 27.87%, Err 918 (1.0e-04)
2109.944 .... 2300 packets received, 2234 bps, 27.92%, Err 918 (1.0e-04)
2112.203 .... 2308 packets received, 2239 bps, 27.99%, Err 918 (1.0e-04)
2115.857 .... 2312 packets received, 2239 bps, 27.99%, Err 919 (1.0e-04)
2119.442 .... 2315 packets received, 2238 bps, 27.98%, Err 921 (1.0e-04)
2123.856 .... 2322 packets received, 2240 bps, 28.00%, Err 924 (1.0e-04)
2126.389 .... 2327 packets received, 2243 bps, 28.03%, Err 924 (1.0e-04)
2128.739 .... 2334 packets received, 2247 bps, 28.09%, Err 926 (1.0e-04)
2134.842 .... 2338 packets received, 2244 bps, 28.05%, Err 928 (1.0e-04)
2138.699 .... 2343 packets received, 2245 bps, 28.06%, Err 930 (1.0e-04)
2142.263 .... 2346 packets received, 2244 bps, 28.05%, Err 933 (1.0e-04)
2145.313 .... 2347 packets received, 2242 bps, 28.02%, Err 934 (1.0e-04)
2151.680 .... 2352 packets received, 2240 bps, 28.00%, Err 939 (1.0e-04)
2154.705 .... 2353 packets received, 2238 bps, 27.97%, Err 939 (1.0e-04)
2159.349 .... 2361 packets received, 2241 bps, 28.01%, Err 940 (1.0e-04)
2165.435 .... 2363 packets received, 2236 bps, 27.95%, Err 943 (1.0e-04)
2167.690 .... 2369 packets received, 2239 bps, 27.99%, Err 943 (1.0e-04)
2171.595 .... 2374 packets received, 2240 bps, 28.00%, Err 946 (1.0e-04)
2179.621 .... 2375 packets received, 2233 bps, 27.91%, Err 949 (1.0e-04)
2184.209 .... 2380 packets received, 2233 bps, 27.91%, Err 952 (1.0e-04)
2186.406 .... 2386 packets received, 2236 bps, 27.95%, Err 952 (1.0e-04)
2191.109 .... 2392 packets received, 2237 bps, 27.96%, Err 955 (1.0e-04)
2194.159 .... 2393 packets received, 2235 bps, 27.94%, Err 956 (1.0e-04)
2197.822 .... 2397 packets received, 2235 bps, 27.94%, Err 961 (1.0e-04)
2200.777 .... 2398 packets received, 2233 bps, 27.91%, Err 961 (1.0e-04)
2202.947 .... 2404 packets received, 2236 bps, 27.95%, Err 961 (1.0e-04)
2206.250 .... 2407 packets received, 2236 bps, 27.95%, Err 964 (1.0e-04)
2210.379 .... 2413 packets received, 2237 bps, 27.96%, Err 967 (1.0e-04)
2213.128 .... 2414 packets received, 2235 bps, 27.94%, Err 967 (1.0e-04)
2215.356 .... 2422 packets received, 2240 bps, 28.00%, Err 969 (1.0e-04)
2218.128 .... 2423 packets received, 2238 bps, 27.98%, Err 970 (1.0e-04)
2223.627 .... 2424 packets received, 2234 bps, 27.92%, Err 973 (1.0e-04)
2226.388 .... 2425 packets received, 2232 bps, 27.90%, Err 974 (1.0e-04)
2229.759 .... 2427 packets received, 2230 bps, 27.88%, Err 975 (1.0e-04)
2231.943 .... 2434 packets received, 2235 bps, 27.93%, Err 976 (1.0e-04)
2234.727 .... 2435 packets received, 2233 bps, 27.91%, Err 976 (1.0e-04)
2240.735 .... 2439 packets received, 2230 bps, 27.88%, Err 979 (1.0e-04)
2244.333 .... 2441 packets received, 2229 bps, 27.86%, Err 980 (1.0e-04)
2247.918 .... 2445 packets received, 2229 bps, 27.86%, Err 981 (1.0e-04)
2251.504 .... 2448 packets received, 2228 bps, 27.85%, Err 983 (1.0e-04)
2255.107 .... 2452 packets received, 2228 bps, 27.85%, Err 988 (1.0e-04)
2258.158 .... 2453 packets received, 2226 bps, 27.82%, Err 988 (1.0e-04)
2261.666 .... 2455 packets received, 2224 bps, 27.80%, Err 990 (1.0e-04)
2264.683 .... 2456 packets received, 2222 bps, 27.78%, Err 991 (1.0e-04)
2266.129 ** WARNING: System too busy, sleep 15 ms, but be awakened 75 ms later
2267.068 .... 2464 packets received, 2227 bps, 27.84%, Err 992 (1.0e-04)
2269.344 .... 2470 packets received, 2230 bps, 27.88%, Err 993 (1.0e-04)
2272.109 .... 2471 packets received, 2229 bps, 27.86%, Err 993 (1.0e-04)
2274.297 .... 2478 packets received, 2233 bps, 27.91%, Err 993 (1.0e-04)
2294.551 ** WARNING: System too busy, sleep 15 ms, but be awakened 17097 ms later
2295.034 .... 2486 packets received, 2220 bps, 27.75%, Err 994 (1.0e-04)
2297.458 ** WARNING: System too busy, sleep 15 ms, but be awakened 360 ms later
2300.280 ** WARNING: System too busy, sleep 15 ms, but be awakened 115 ms later
2302.767 ** WARNING: System too busy, sleep 15 ms, but be awakened 68 ms later
2303.545 .... 2490 packets received, 2215 bps, 27.69%, Err 998 (1.0e-04)
2306.340 .... 2491 packets received, 2213 bps, 27.66%, Err 998 (1.0e-04)
2309.839 .... 2493 packets received, 2212 bps, 27.65%, Err 1000 (1.0e-04)
2313.703 .... 2498 packets received, 2212 bps, 27.65%, Err 1001 (1.0e-04)
2319.773 .... 2502 packets received, 2210 bps, 27.63%, Err 1005 (1.0e-04)
2321.937 .... 2510 packets received, 2215 bps, 27.69%, Err 1005 (1.0e-04)
2324.095 .... 2515 packets received, 2217 bps, 27.72%, Err 1005 (1.0e-04)
2327.122 .... 2517 packets received, 2216 bps, 27.70%, Err 1006 (1.0e-04)
2329.326 .... 2525 packets received, 2221 bps, 27.77%, Err 1006 (1.0e-04)
2332.348 .... 2527 packets received, 2220 bps, 27.75%, Err 1010 (1.0e-04)
2337.862 .... 2528 packets received, 2216 bps, 27.70%, Err 1012 (1.0e-04)
2340.019 .... 2534 packets received, 2219 bps, 27.74%, Err 1013 (1.0e-04)
2342.810 .... 2535 packets received, 2217 bps, 27.71%, Err 1014 (1.0e-04)
2345.035 .... 2543 packets received, 2222 bps, 27.78%, Err 1015 (1.0e-04)
2347.193 .... 2549 packets received, 2225 bps, 27.82%, Err 1015 (1.0e-04)
2350.294 .... 2551 packets received, 2224 bps, 27.80%, Err 1018 (1.0e-04)
2356.348 .... 2553 packets received, 2220 bps, 27.75%, Err 1022 (1.0e-04)
2358.514 .... 2559 packets received, 2223 bps, 27.79%, Err 1023 (1.0e-04)
2361.302 .... 2560 packets received, 2222 bps, 27.77%, Err 1024 (1.0e-04)
2365.940 .... 2565 packets received, 2221 bps, 27.77%, Err 1025 (1.0e-04)
2368.035 .... 2573 packets received, 2226 bps, 27.83%, Err 1025 (1.0e-04)
2371.468 .... 2574 packets received, 2224 bps, 27.80%, Err 1026 (1.0e-04)
2375.569 .... 2579 packets received, 2225 bps, 27.81%, Err 1028 (1.0e-04)
2379.432 .... 2583 packets received, 2224 bps, 27.80%, Err 1031 (1.0e-04)
2385.489 .... 2585 packets received, 2220 bps, 27.76%, Err 1034 (1.0e-04)
2389.087 .... 2589 packets received, 2221 bps, 27.76%, Err 1036 (1.0e-04)
2393.489 .... 2596 packets received, 2222 bps, 27.78%, Err 1038 (1.0e-04)
2397.026 .... 2598 packets received, 2221 bps, 27.76%, Err 1039 (1.0e-04)
2400.861 .... 2603 packets received, 2222 bps, 27.77%, Err 1041 (1.0e-04)
2404.444 .... 2606 packets received, 2221 bps, 27.76%, Err 1042 (1.0e-04)
2406.540 .... 2614 packets received, 2226 bps, 27.82%, Err 1042 (1.0e-04)
2408.710 .... 2620 packets received, 2229 bps, 27.86%, Err 1043 (1.0e-04)
2411.534 .... 2621 packets received, 2227 bps, 27.84%, Err 1045 (1.0e-04)
2414.555 .... 2622 packets received, 2225 bps, 27.81%, Err 1046 (1.0e-04)
2419.313 .... 2628 packets received, 2226 bps, 27.82%, Err 1047 (1.0e-04)
2423.170 .... 2633 packets received, 2227 bps, 27.83%, Err 1049 (1.0e-04)
2427.061 .... 2637 packets received, 2226 bps, 27.83%, Err 1050 (1.0e-04)
2433.586 .... 2642 packets received, 2225 bps, 27.81%, Err 1053 (1.0e-04)
2437.648 .... 2645 packets received, 2223 bps, 27.79%, Err 1055 (1.0e-04)
2440.690 .... 2646 packets received, 2221 bps, 27.77%, Err 1056 (1.0e-04)
2444.212 .... 2648 packets received, 2220 bps, 27.75%, Err 1058 (1.0e-04)
2447.045 .... 2656 packets received, 2224 bps, 27.80%, Err 1058 (1.0e-04)
2450.381 .... 2659 packets received, 2224 bps, 27.79%, Err 1060 (1.0e-04)
2455.035 .... 2665 packets received, 2224 bps, 27.80%, Err 1065 (1.0e-04)
2458.609 .... 2667 packets received, 2223 bps, 27.78%, Err 1066 (1.0e-04)
2460.783 .... 2675 packets received, 2227 bps, 27.84%, Err 1067 (1.0e-04)
2463.550 .... 2676 packets received, 2226 bps, 27.82%, Err 1069 (1.0e-04)
2469.589 .... 2679 packets received, 2223 bps, 27.78%, Err 1074 (1.0e-04)
2473.140 .... 2681 packets received, 2221 bps, 27.77%, Err 1078 (1.0e-04)
2476.704 .... 2683 packets received, 2220 bps, 27.75%, Err 1080 (1.0e-04)
2480.265 .... 2686 packets received, 2219 bps, 27.74%, Err 1085 (1.0e-04)
2484.386 .... 2692 packets received, 2220 bps, 27.75%, Err 1086 (1.0e-04)
2488.242 .... 2697 packets received, 2221 bps, 27.76%, Err 1088 (1.0e-04)
2492.649 .... 2704 packets received, 2223 bps, 27.78%, Err 1091 (1.0e-04)
2495.699 .... 2705 packets received, 2221 bps, 27.76%, Err 1091 (1.0e-04)
2499.253 .... 2709 packets received, 2221 bps, 27.76%, Err 1093 (1.0e-04)
2502.775 .... 2711 packets received, 2220 bps, 27.74%, Err 1095 (1.0e-04)
2506.635 .... 2716 packets received, 2220 bps, 27.75%, Err 1097 (1.0e-04)
2510.213 .... 2720 packets received, 2220 bps, 27.75%, Err 1099 (1.0e-04)
2514.022 .... 2725 packets received, 2221 bps, 27.76%, Err 1101 (1.0e-04)
2520.112 .... 2729 packets received, 2219 bps, 27.74%, Err 1104 (1.0e-04)
2523.701 .... 2733 packets received, 2219 bps, 27.74%, Err 1107 (1.0e-04)
2527.811 .... 2739 packets received, 2220 bps, 27.75%, Err 1109 (1.0e-04)
2530.061 .... 2746 packets received, 2224 bps, 27.80%, Err 1110 (1.0e-04)
2533.680 .... 2750 packets received, 2224 bps, 27.80%, Err 1113 (1.0e-04)
2539.160 .... 2751 packets received, 2220 bps, 27.75%, Err 1115 (1.0e-04)
2543.600 .... 2755 packets received, 2219 bps, 27.74%, Err 1117 (1.0e-04)
2546.549 .... 2756 packets received, 2218 bps, 27.72%, Err 1117 (1.0e-04)
2550.122 .... 2759 packets received, 2217 bps, 27.71%, Err 1120 (1.0e-04)
2556.819 .... 2765 packets received, 2216 bps, 27.70%, Err 1123 (1.0e-04)
2558.902 .... 2771 packets received, 2219 bps, 27.74%, Err 1125 (1.0e-04)
2564.174 .... 2772 packets received, 2215 bps, 27.69%, Err 1128 (1.0e-04)
2567.242 .... 2773 packets received, 2213 bps, 27.67%, Err 1129 (1.0e-04)
2569.388 .... 2781 packets received, 2218 bps, 27.72%, Err 1129 (1.0e-04)
2571.556 .... 2786 packets received, 2220 bps, 27.75%, Err 1129 (1.0e-04)
2574.589 .... 2788 packets received, 2219 bps, 27.74%, Err 1130 (1.0e-04)
2578.155 .... 2790 packets received, 2217 bps, 27.72%, Err 1132 (1.0e-04)
2581.191 .... 2791 packets received, 2216 bps, 27.69%, Err 1132 (1.0e-04)
2583.256 .... 2799 packets received, 2220 bps, 27.75%, Err 1132 (1.0e-04)
2587.810 .... 2804 packets received, 2220 bps, 27.75%, Err 1134 (1.0e-04)
2591.646 .... 2809 packets received, 2221 bps, 27.76%, Err 1138 (1.0e-04)
2594.684 .... 2810 packets received, 2219 bps, 27.74%, Err 1138 (1.0e-04)
2600.800 .... 2814 packets received, 2217 bps, 27.71%, Err 1144 (1.0e-04)
2603.804 .... 2815 packets received, 2215 bps, 27.69%, Err 1145 (1.0e-04)
2607.374 .... 2818 packets received, 2215 bps, 27.68%, Err 1146 (1.0e-04)
2613.456 .... 2820 packets received, 2211 bps, 27.64%, Err 1150 (1.0e-04)
2615.659 .... 2827 packets received, 2215 bps, 27.68%, Err 1150 (1.0e-04)
2617.821 .... 2835 packets received, 2219 bps, 27.74%, Err 1152 (1.0e-04)
2620.598 .... 2836 packets received, 2217 bps, 27.72%, Err 1152 (1.0e-04)
2624.203 .... 2840 packets received, 2217 bps, 27.72%, Err 1154 (1.0e-04)
2627.791 .... 2843 packets received, 2217 bps, 27.71%, Err 1156 (1.0e-04)
2631.385 .... 2847 packets received, 2217 bps, 27.71%, Err 1159 (1.0e-04)
2634.398 .... 2848 packets received, 2215 bps, 27.69%, Err 1161 (1.0e-04)
2639.884 .... 2849 packets received, 2211 bps, 27.64%, Err 1163 (1.0e-04)
2643.814 .... 2852 packets received, 2210 bps, 27.63%, Err 1166 (1.0e-04)
2646.840 .... 2853 packets received, 2209 bps, 27.61%, Err 1167 (1.0e-04)
2650.080 .... 2856 packets received, 2208 bps, 27.60%, Err 1169 (1.0e-04)
2653.893 .... 2861 packets received, 2209 bps, 27.61%, Err 1170 (1.0e-04)
2657.465 .... 2864 packets received, 2208 bps, 27.60%, Err 1172 (1.0e-04)
2661.007 .... 2866 packets received, 2207 bps, 27.59%, Err 1173 (1.0e-04)
2664.578 .... 2870 packets received, 2207 bps, 27.59%, Err 1174 (1.0e-04)
2667.370 .... 2878 packets received, 2211 bps, 27.63%, Err 1175 (1.0e-04)
2670.154 .... 2879 packets received, 2209 bps, 27.62%, Err 1176 (1.0e-04)
2673.197 .... 2880 packets received, 2207 bps, 27.59%, Err 1178 (1.0e-04)
2675.360 .... 2888 packets received, 2212 bps, 27.65%, Err 1178 (1.0e-04)
2677.602 .... 2896 packets received, 2216 bps, 27.70%, Err 1178 (1.0e-04)
2679.822 .... 2902 packets received, 2219 bps, 27.74%, Err 1178 (1.0e-04)
2683.614 .... 2906 packets received, 2219 bps, 27.73%, Err 1179 (1.0e-04)
2686.110 .... 2913 packets received, 2222 bps, 27.78%, Err 1179 (1.0e-04)
2688.553 .... 2919 packets received, 2225 bps, 27.81%, Err 1179 (1.0e-04)
2690.770 .... 2927 packets received, 2229 bps, 27.86%, Err 1179 (1.0e-04)
2695.494 .... 2935 packets received, 2231 bps, 27.89%, Err 1180 (1.0e-04)
2697.615 .... 2941 packets received, 2234 bps, 27.92%, Err 1180 (1.0e-04)
2700.708 .... 2943 packets received, 2233 bps, 27.91%, Err 1182 (1.0e-04)
2704.317 .... 2946 packets received, 2232 bps, 27.90%, Err 1183 (1.0e-04)
2706.953 .... 2954 packets received, 2236 bps, 27.95%, Err 1183 (1.0e-04)
2709.157 .... 2962 packets received, 2240 bps, 28.00%, Err 1183 (1.0e-04)
2711.205 .... 2966 packets received, 2242 bps, 28.02%, Err 1184 (1.0e-04)
2717.552 .... 2970 packets received, 2239 bps, 27.99%, Err 1187 (1.0e-04)
2720.575 .... 2971 packets received, 2238 bps, 27.97%, Err 1189 (1.0e-04)
2722.685 .... 2979 packets received, 2242 bps, 28.02%, Err 1190 (1.0e-04)
2725.482 .... 2980 packets received, 2240 bps, 28.00%, Err 1191 (1.0e-04)
2729.603 .... 2986 packets received, 2241 bps, 28.02%, Err 1193 (1.0e-04)
2733.228 .... 2990 packets received, 2241 bps, 28.02%, Err 1195 (1.0e-04)
2736.722 .... 2992 packets received, 2240 bps, 28.00%, Err 1196 (1.0e-04)
2738.742 .... 2999 packets received, 2244 bps, 28.05%, Err 1199 (1.0e-04)
2741.520 .... 3000 packets received, 2242 bps, 28.03%, Err 1201 (1.0e-04)
2745.634 .... 3006 packets received, 2243 bps, 28.04%, Err 1202 (1.0e-04)
2749.157 .... 3009 packets received, 2243 bps, 28.03%, Err 1204 (1.0e-04)
2753.351 .... 3015 packets received, 2244 bps, 28.05%, Err 1205 (1.0e-04)
2755.536 .... 3023 packets received, 2248 bps, 28.10%, Err 1205 (1.0e-04)
2758.857 .... 3026 packets received, 2247 bps, 28.09%, Err 1206 (1.0e-04)
2762.471 .... 3030 packets received, 2247 bps, 28.09%, Err 1208 (1.0e-04)
2766.020 .... 3032 packets received, 2246 bps, 28.07%, Err 1212 (1.0e-04)
2769.020 .... 3033 packets received, 2244 bps, 28.05%, Err 1212 (1.0e-04)
2771.196 .... 3041 packets received, 2248 bps, 28.11%, Err 1212 (1.0e-04)
2773.341 .... 3047 packets received, 2251 bps, 28.14%, Err 1214 (1.0e-04)
2776.135 .... 3048 packets received, 2250 bps, 28.12%, Err 1215 (1.0e-04)
2778.358 .... 3053 packets received, 2251 bps, 28.14%, Err 1216 (1.0e-04)
2785.267 .... 3060 packets received, 2251 bps, 28.14%, Err 1219 (1.0e-04)
2790.771 .... 3061 packets received, 2247 bps, 28.09%, Err 1222 (1.0e-04)
2792.932 .... 3069 packets received, 2251 bps, 28.14%, Err 1223 (1.0e-04)
2799.040 .... 3073 packets received, 2249 bps, 28.12%, Err 1226 (1.0e-04)
2801.261 .... 3081 packets received, 2254 bps, 28.17%, Err 1228 (1.0e-04)
2804.049 .... 3082 packets received, 2252 bps, 28.15%, Err 1229 (1.0e-04)
2806.203 .... 3090 packets received, 2256 bps, 28.20%, Err 1229 (1.0e-04)
2809.580 .... 3093 packets received, 2256 bps, 28.20%, Err 1231 (1.0e-04)
2815.661 .... 3096 packets received, 2253 bps, 28.16%, Err 1235 (1.0e-04)
2818.646 .... 3097 packets received, 2251 bps, 28.14%, Err 1235 (1.0e-04)
2822.256 .... 3100 packets received, 2251 bps, 28.13%, Err 1236 (1.0e-04)
